[2020-04-13 10:39:22.370] [I] [日志] 日志控制台开启成功
[2020-04-13 10:39:22.398] [I] [HTTP] 开启 HTTP 服务器成功，开始监听 http://0.0.0.0:5700
[2020-04-13 10:39:32.838] [I] [HTTP] 已成功处理一个 API 请求：/get_friend_list
[2020-04-13 10:40:26.812] [I] [HTTP] 已成功处理一个 API 请求：/get_friend_list
[2020-04-13 10:40:26.915] [I] [HTTP] 已成功处理一个 API 请求：/get_friend_list
[2020-04-13 10:49:49.384] [I] [HTTP] 已成功处理一个 API 请求：/send_private_msg
[2020-04-13 10:50:50.677] [I] [HTTP] 已成功处理一个 API 请求：/send_private_msg
[2020-04-13 10:52:05.187] [I] [HTTP] 已成功处理一个 API 请求：/get_login_info
[2020-04-13 10:53:42.087] [I] [HTTP] 已成功处理一个 API 请求：/send_msg
[2020-04-13 10:55:40.265] [I] [HTTP] 已成功处理一个 API 请求：/send_msg
[2020-04-13 10:56:40.197] [I] [HTTP] 已成功处理一个 API 请求：/send_msg
[2020-04-13 11:50:24.400] [I] [HTTP] 已成功处理一个 API 请求：/send_msg
[2020-04-13 14:43:51.745] [I] [日志] 日志控制台开启成功
[2020-04-13 14:43:51.790] [W] [HTTP] HTTP 上报地址 http:127.0.0.1:10086/coolq 不是合法地址，将被忽略
[2020-04-13 14:43:51.793] [D] [HTTP] 初始化 HTTP 服务器
[2020-04-13 14:43:51.794] [I] [HTTP] 开启 HTTP 服务器成功，开始监听 http://0.0.0.0:5700
[2020-04-13 14:46:12.255] [D] [核心] 全局线程池关闭成功
[2020-04-13 14:46:12.260] [D] [核心] 计划任务调度器关闭成功
[2020-04-13 14:46:12.378] [I] [日志] 日志控制台开启成功
[2020-04-13 14:46:12.410] [D] [HTTP] 初始化 HTTP 服务器
[2020-04-13 14:46:12.410] [I] [HTTP] 开启 HTTP 服务器成功，开始监听 http://0.0.0.0:5700
[2020-04-13 14:46:12.411] [I] [重启] HTTP API 插件重启成功
[2020-04-13 14:46:12.411] [D] [HTTP] 开始通过 HTTP 上报事件
[2020-04-13 14:46:12.720] [I] [HTTP] 通过 HTTP 上报数据到 http://127.0.0.1:10086/coolq 成功，状态码：200
[2020-04-13 14:46:34.244] [D] [HTTP] 开始通过 HTTP 上报事件
[2020-04-13 14:46:34.257] [I] [HTTP] 通过 HTTP 上报数据到 http://127.0.0.1:10086/coolq 成功，状态码：200
[2020-04-13 14:47:26.128] [D] [HTTP] 开始通过 HTTP 上报事件
[2020-04-13 14:48:11.699] [I] [HTTP] 通过 HTTP 上报数据到 http://127.0.0.1:10086/coolq 成功，状态码：200
[2020-04-13 14:52:25.217] [D] [HTTP] 收到 HTTP 请求：GET /send_msg?message_type=private&user_id=122742729&message=testMsg&auto_escape=false，来源 IP：127.0.0.1
[2020-04-13 14:52:25.218] [D] [HTTP] 开始执行动作 send_msg
[2020-04-13 14:52:25.332] [D] [HTTP] 动作 send_msg 执行成功
[2020-04-13 14:52:25.332] [D] [HTTP] 响应数据已准备完毕：{"data":{"message_id":12},"retcode":0,"status":"ok"}
[2020-04-13 14:52:25.333] [D] [HTTP] 响应内容已发送
[2020-04-13 14:52:25.333] [I] [HTTP] 已成功处理一个 API 请求：/send_msg
[2020-04-13 15:23:14.589] [D] [HTTP] 收到 HTTP 请求：GET /send_msg/，来源 IP：127.0.0.1
[2020-04-13 15:23:14.590] [D] [HTTP] 开始执行动作 send_msg
[2020-04-13 15:23:14.590] [D] [HTTP] 动作 send_msg 执行成功
[2020-04-13 15:23:14.590] [D] [HTTP] 响应数据已准备完毕：{"data":null,"retcode":100,"status":"failed"}
[2020-04-13 15:23:14.590] [D] [HTTP] 响应内容已发送
[2020-04-13 15:23:14.590] [I] [HTTP] 已成功处理一个 API 请求：/send_msg/
[2020-04-13 15:23:58.002] [D] [HTTP] 收到 HTTP 请求：GET /send_msg/，来源 IP：127.0.0.1
[2020-04-13 15:23:58.002] [D] [HTTP] 开始执行动作 send_msg
[2020-04-13 15:23:58.002] [D] [HTTP] 动作 send_msg 执行成功
[2020-04-13 15:23:58.003] [D] [HTTP] 响应数据已准备完毕：{"data":null,"retcode":100,"status":"failed"}
[2020-04-13 15:23:58.003] [D] [HTTP] 响应内容已发送
[2020-04-13 15:23:58.003] [I] [HTTP] 已成功处理一个 API 请求：/send_msg/
[2020-04-13 15:24:59.116] [D] [HTTP] 收到 HTTP 请求：GET /send_msg/，来源 IP：127.0.0.1
[2020-04-13 15:24:59.117] [D] [HTTP] 开始执行动作 send_msg
[2020-04-13 15:24:59.117] [D] [HTTP] 动作 send_msg 执行成功
[2020-04-13 15:24:59.118] [D] [HTTP] 响应数据已准备完毕：{"data":null,"retcode":100,"status":"failed"}
[2020-04-13 15:24:59.118] [D] [HTTP] 响应内容已发送
[2020-04-13 15:24:59.118] [I] [HTTP] 已成功处理一个 API 请求：/send_msg/
[2020-04-13 15:25:29.135] [D] [HTTP] 收到 HTTP 请求：GET /send_msg/，来源 IP：127.0.0.1
[2020-04-13 15:25:29.136] [D] [HTTP] 开始执行动作 send_msg
[2020-04-13 15:25:29.136] [D] [HTTP] 动作 send_msg 执行成功
[2020-04-13 15:25:29.136] [D] [HTTP] 响应数据已准备完毕：{"data":null,"retcode":100,"status":"failed"}
[2020-04-13 15:25:29.137] [D] [HTTP] 响应内容已发送
[2020-04-13 15:25:29.137] [I] [HTTP] 已成功处理一个 API 请求：/send_msg/
[2020-04-13 15:30:05.864] [D] [HTTP] 收到 HTTP 请求：GET /send_msg/，来源 IP：127.0.0.1
[2020-04-13 15:30:05.864] [D] [HTTP] 开始执行动作 send_msg
[2020-04-13 15:30:05.864] [D] [HTTP] 动作 send_msg 执行成功
[2020-04-13 15:30:05.864] [D] [HTTP] 响应数据已准备完毕：{"data":null,"retcode":100,"status":"failed"}
[2020-04-13 15:30:05.865] [D] [HTTP] 响应内容已发送
[2020-04-13 15:30:05.865] [I] [HTTP] 已成功处理一个 API 请求：/send_msg/
[2020-04-13 15:30:43.788] [D] [HTTP] 收到 HTTP 请求：GET /send_msg/，来源 IP：127.0.0.1
[2020-04-13 15:30:43.788] [D] [HTTP] 开始执行动作 send_msg
[2020-04-13 15:30:43.788] [D] [HTTP] 动作 send_msg 执行成功
[2020-04-13 15:30:43.788] [D] [HTTP] 响应数据已准备完毕：{"data":null,"retcode":100,"status":"failed"}
[2020-04-13 15:30:43.789] [D] [HTTP] 响应内容已发送
[2020-04-13 15:30:43.789] [I] [HTTP] 已成功处理一个 API 请求：/send_msg/
[2020-04-13 15:31:43.306] [D] [HTTP] 收到 HTTP 请求：GET /send_msg，来源 IP：127.0.0.1
[2020-04-13 15:31:43.306] [D] [HTTP] 开始执行动作 send_msg
[2020-04-13 15:31:43.306] [D] [HTTP] 动作 send_msg 执行成功
[2020-04-13 15:31:43.307] [D] [HTTP] 响应数据已准备完毕：{"data":null,"retcode":100,"status":"failed"}
[2020-04-13 15:31:43.307] [D] [HTTP] 响应内容已发送
[2020-04-13 15:31:43.307] [I] [HTTP] 已成功处理一个 API 请求：/send_msg
[2020-04-13 15:31:49.489] [D] [HTTP] 收到 HTTP 请求：GET /send_msg，来源 IP：127.0.0.1
[2020-04-13 15:31:49.490] [D] [HTTP] 开始执行动作 send_msg
[2020-04-13 15:31:49.490] [D] [HTTP] 动作 send_msg 执行成功
[2020-04-13 15:31:49.490] [D] [HTTP] 响应数据已准备完毕：{"data":null,"retcode":100,"status":"failed"}
[2020-04-13 15:31:49.490] [D] [HTTP] 响应内容已发送
[2020-04-13 15:31:49.491] [I] [HTTP] 已成功处理一个 API 请求：/send_msg
[2020-04-13 15:31:51.779] [D] [HTTP] 收到 HTTP 请求：GET /send_msg，来源 IP：127.0.0.1
[2020-04-13 15:31:51.780] [D] [HTTP] 开始执行动作 send_msg
[2020-04-13 15:31:51.780] [D] [HTTP] 动作 send_msg 执行成功
[2020-04-13 15:31:51.780] [D] [HTTP] 响应数据已准备完毕：{"data":null,"retcode":100,"status":"failed"}
[2020-04-13 15:31:51.781] [D] [HTTP] 响应内容已发送
[2020-04-13 15:31:51.781] [I] [HTTP] 已成功处理一个 API 请求：/send_msg
[2020-04-13 15:31:52.670] [D] [HTTP] 收到 HTTP 请求：GET /send_msg，来源 IP：127.0.0.1
[2020-04-13 15:31:52.670] [D] [HTTP] 开始执行动作 send_msg
[2020-04-13 15:31:52.670] [D] [HTTP] 动作 send_msg 执行成功
[2020-04-13 15:31:52.670] [D] [HTTP] 响应数据已准备完毕：{"data":null,"retcode":100,"status":"failed"}
[2020-04-13 15:31:52.671] [D] [HTTP] 响应内容已发送
[2020-04-13 15:31:52.671] [I] [HTTP] 已成功处理一个 API 请求：/send_msg
[2020-04-13 15:31:53.622] [D] [HTTP] 收到 HTTP 请求：GET /send_msg，来源 IP：127.0.0.1
[2020-04-13 15:31:53.623] [D] [HTTP] 开始执行动作 send_msg
[2020-04-13 15:31:53.623] [D] [HTTP] 动作 send_msg 执行成功
[2020-04-13 15:31:53.624] [D] [HTTP] 响应数据已准备完毕：{"data":null,"retcode":100,"status":"failed"}
[2020-04-13 15:31:53.625] [D] [HTTP] 响应内容已发送
[2020-04-13 15:31:53.626] [I] [HTTP] 已成功处理一个 API 请求：/send_msg
[2020-04-13 15:31:54.504] [D] [HTTP] 收到 HTTP 请求：GET /send_msg，来源 IP：127.0.0.1
[2020-04-13 15:31:54.504] [D] [HTTP] 开始执行动作 send_msg
[2020-04-13 15:31:54.506] [D] [HTTP] 动作 send_msg 执行成功
[2020-04-13 15:31:54.506] [D] [HTTP] 响应数据已准备完毕：{"data":null,"retcode":100,"status":"failed"}
[2020-04-13 15:31:54.506] [D] [HTTP] 响应内容已发送
[2020-04-13 15:31:54.507] [I] [HTTP] 已成功处理一个 API 请求：/send_msg
[2020-04-13 15:31:55.203] [D] [HTTP] 收到 HTTP 请求：GET /send_msg，来源 IP：127.0.0.1
[2020-04-13 15:31:55.203] [D] [HTTP] 开始执行动作 send_msg
[2020-04-13 15:31:55.204] [D] [HTTP] 动作 send_msg 执行成功
[2020-04-13 15:31:55.204] [D] [HTTP] 响应数据已准备完毕：{"data":null,"retcode":100,"status":"failed"}
[2020-04-13 15:31:55.204] [D] [HTTP] 响应内容已发送
[2020-04-13 15:31:55.204] [I] [HTTP] 已成功处理一个 API 请求：/send_msg
[2020-04-13 15:31:56.552] [D] [HTTP] 收到 HTTP 请求：GET /send_msg，来源 IP：127.0.0.1
[2020-04-13 15:31:56.553] [D] [HTTP] 开始执行动作 send_msg
[2020-04-13 15:31:56.553] [D] [HTTP] 动作 send_msg 执行成功
[2020-04-13 15:31:56.553] [D] [HTTP] 响应数据已准备完毕：{"data":null,"retcode":100,"status":"failed"}
[2020-04-13 15:31:56.554] [D] [HTTP] 响应内容已发送
[2020-04-13 15:31:56.556] [I] [HTTP] 已成功处理一个 API 请求：/send_msg
[2020-04-13 15:31:57.205] [D] [HTTP] 收到 HTTP 请求：GET /send_msg，来源 IP：127.0.0.1
[2020-04-13 15:31:57.205] [D] [HTTP] 开始执行动作 send_msg
[2020-04-13 15:31:57.205] [D] [HTTP] 动作 send_msg 执行成功
[2020-04-13 15:31:57.206] [D] [HTTP] 响应数据已准备完毕：{"data":null,"retcode":100,"status":"failed"}
[2020-04-13 15:31:57.206] [D] [HTTP] 响应内容已发送
[2020-04-13 15:31:57.206] [I] [HTTP] 已成功处理一个 API 请求：/send_msg
[2020-04-13 15:32:11.051] [D] [HTTP] 收到 HTTP 请求：GET /send_msg，来源 IP：127.0.0.1
[2020-04-13 15:32:11.052] [D] [HTTP] 开始执行动作 send_msg
[2020-04-13 15:32:11.052] [D] [HTTP] 动作 send_msg 执行成功
[2020-04-13 15:32:11.053] [D] [HTTP] 响应数据已准备完毕：{"data":null,"retcode":100,"status":"failed"}
[2020-04-13 15:32:11.053] [D] [HTTP] 响应内容已发送
[2020-04-13 15:32:11.053] [I] [HTTP] 已成功处理一个 API 请求：/send_msg
[2020-04-13 15:33:19.239] [D] [HTTP] 收到 HTTP 请求：GET /send_msg，来源 IP：127.0.0.1
[2020-04-13 15:33:19.244] [D] [HTTP] 开始执行动作 send_msg
[2020-04-13 15:33:19.247] [D] [HTTP] 动作 send_msg 执行成功
[2020-04-13 15:33:19.247] [D] [HTTP] 响应数据已准备完毕：{"data":null,"retcode":100,"status":"failed"}
[2020-04-13 15:33:19.247] [D] [HTTP] 响应内容已发送
[2020-04-13 15:33:19.248] [I] [HTTP] 已成功处理一个 API 请求：/send_msg
[2020-04-13 15:34:39.873] [D] [HTTP] 收到 HTTP 请求：GET /send_msg，来源 IP：127.0.0.1
[2020-04-13 15:34:39.875] [D] [HTTP] 开始执行动作 send_msg
[2020-04-13 15:34:39.876] [D] [HTTP] 动作 send_msg 执行成功
[2020-04-13 15:34:39.879] [D] [HTTP] 响应数据已准备完毕：{"data":null,"retcode":100,"status":"failed"}
[2020-04-13 15:34:39.880] [D] [HTTP] 响应内容已发送
[2020-04-13 15:34:39.880] [I] [HTTP] 已成功处理一个 API 请求：/send_msg
[2020-04-13 15:34:46.807] [D] [HTTP] 收到 HTTP 请求：GET /send_msg，来源 IP：127.0.0.1
[2020-04-13 15:34:46.809] [D] [HTTP] 开始执行动作 send_msg
[2020-04-13 15:34:46.812] [D] [HTTP] 动作 send_msg 执行成功
[2020-04-13 15:34:46.812] [D] [HTTP] 响应数据已准备完毕：{"data":null,"retcode":100,"status":"failed"}
[2020-04-13 15:34:46.813] [D] [HTTP] 响应内容已发送
[2020-04-13 15:34:46.813] [I] [HTTP] 已成功处理一个 API 请求：/send_msg
[2020-04-13 15:34:49.973] [D] [HTTP] 收到 HTTP 请求：POST /send_msg，来源 IP：127.0.0.1
[2020-04-13 15:34:49.977] [D] [HTTP] Content-Type: application/json
[2020-04-13 15:34:49.981] [D] [HTTP] HTTP 正文内容：{"auto_escape":"false","message":"sadasd","message_type":"private","user_id":"122742729"}
[2020-04-13 15:34:49.981] [D] [HTTP] 开始执行动作 send_msg
[2020-04-13 15:34:50.159] [D] [HTTP] 动作 send_msg 执行成功
[2020-04-13 15:34:50.160] [D] [HTTP] 响应数据已准备完毕：{"data":{"message_id":13},"retcode":0,"status":"ok"}
[2020-04-13 15:34:50.164] [D] [HTTP] 响应内容已发送
[2020-04-13 15:34:50.164] [I] [HTTP] 已成功处理一个 API 请求：/send_msg
[2020-04-13 15:35:01.901] [D] [HTTP] 收到 HTTP 请求：POST /send_msg，来源 IP：127.0.0.1
[2020-04-13 15:35:01.902] [D] [HTTP] Content-Type: application/json
[2020-04-13 15:35:01.906] [D] [HTTP] HTTP 正文内容：{"auto_escape":"false","message":"sadasd","message_type":"private","user_id":"122742729"}
[2020-04-13 15:35:01.906] [D] [HTTP] 开始执行动作 send_msg
[2020-04-13 15:35:02.015] [D] [HTTP] 动作 send_msg 执行成功
[2020-04-13 15:35:02.021] [D] [HTTP] 响应数据已准备完毕：{"data":{"message_id":14},"retcode":0,"status":"ok"}
[2020-04-13 15:35:02.021] [D] [HTTP] 响应内容已发送
[2020-04-13 15:35:02.022] [I] [HTTP] 已成功处理一个 API 请求：/send_msg
[2020-04-13 15:35:35.892] [D] [HTTP] 收到 HTTP 请求：POST /send_msg/，来源 IP：127.0.0.1
[2020-04-13 15:35:35.893] [D] [HTTP] Content-Type: application/json
[2020-04-13 15:35:35.896] [D] [HTTP] HTTP 正文内容：{"auto_escape":false,"message":"sadasd","message_type":"private","user_id":"122742729"}
[2020-04-13 15:35:35.897] [D] [HTTP] 开始执行动作 send_msg
[2020-04-13 15:35:36.016] [D] [HTTP] 动作 send_msg 执行成功
[2020-04-13 15:35:36.017] [D] [HTTP] 响应数据已准备完毕：{"data":{"message_id":15},"retcode":0,"status":"ok"}
[2020-04-13 15:35:36.020] [D] [HTTP] 响应内容已发送
[2020-04-13 15:35:36.020] [I] [HTTP] 已成功处理一个 API 请求：/send_msg/
[2020-04-13 15:47:48.901] [D] [HTTP] 收到 HTTP 请求：POST /send_msg/，来源 IP：127.0.0.1
[2020-04-13 15:47:48.903] [D] [HTTP] Content-Type: application/json
[2020-04-13 15:47:48.904] [D] [HTTP] HTTP 正文内容：{"auto_escape":false,"message":"testSenderMsg","message_type":"private","user_id":"122742729"}
[2020-04-13 15:47:48.911] [D] [HTTP] 开始执行动作 send_msg
[2020-04-13 15:47:49.036] [D] [HTTP] 动作 send_msg 执行成功
[2020-04-13 15:47:49.038] [D] [HTTP] 响应数据已准备完毕：{"data":{"message_id":16},"retcode":0,"status":"ok"}
[2020-04-13 15:47:49.041] [D] [HTTP] 响应内容已发送
[2020-04-13 15:47:49.042] [I] [HTTP] 已成功处理一个 API 请求：/send_msg/
[2020-04-13 15:47:58.801] [D] [HTTP] 收到 HTTP 请求：POST /send_msg/，来源 IP：127.0.0.1
[2020-04-13 15:47:58.802] [D] [HTTP] Content-Type: application/json
[2020-04-13 15:47:58.803] [D] [HTTP] HTTP 正文内容：{"auto_escape":false,"message":"testSenderMsg","message_type":"private","user_id":"122742729"}
[2020-04-13 15:47:58.806] [D] [HTTP] 开始执行动作 send_msg
[2020-04-13 15:47:58.907] [D] [HTTP] 动作 send_msg 执行成功
[2020-04-13 15:47:58.908] [D] [HTTP] 响应数据已准备完毕：{"data":{"message_id":17},"retcode":0,"status":"ok"}
[2020-04-13 15:47:58.912] [D] [HTTP] 响应内容已发送
[2020-04-13 15:47:58.913] [I] [HTTP] 已成功处理一个 API 请求：/send_msg/
[2020-04-13 15:48:08.803] [D] [HTTP] 收到 HTTP 请求：POST /send_msg/，来源 IP：127.0.0.1
[2020-04-13 15:48:08.804] [D] [HTTP] Content-Type: application/json
[2020-04-13 15:48:08.804] [D] [HTTP] HTTP 正文内容：{"auto_escape":false,"message":"testSenderMsg","message_type":"private","user_id":"122742729"}
[2020-04-13 15:48:08.808] [D] [HTTP] 开始执行动作 send_msg
[2020-04-13 15:48:08.915] [D] [HTTP] 动作 send_msg 执行成功
[2020-04-13 15:48:08.916] [D] [HTTP] 响应数据已准备完毕：{"data":{"message_id":18},"retcode":0,"status":"ok"}
[2020-04-13 15:48:08.920] [D] [HTTP] 响应内容已发送
[2020-04-13 15:48:08.922] [I] [HTTP] 已成功处理一个 API 请求：/send_msg/
[2020-04-13 15:48:18.802] [D] [HTTP] 收到 HTTP 请求：POST /send_msg/，来源 IP：127.0.0.1
[2020-04-13 15:48:18.804] [D] [HTTP] Content-Type: application/json
[2020-04-13 15:48:18.804] [D] [HTTP] HTTP 正文内容：{"auto_escape":false,"message":"testSenderMsg","message_type":"private","user_id":"122742729"}
[2020-04-13 15:48:18.808] [D] [HTTP] 开始执行动作 send_msg
[2020-04-13 15:48:18.941] [D] [HTTP] 动作 send_msg 执行成功
[2020-04-13 15:48:18.943] [D] [HTTP] 响应数据已准备完毕：{"data":{"message_id":19},"retcode":0,"status":"ok"}
[2020-04-13 15:48:18.946] [D] [HTTP] 响应内容已发送
[2020-04-13 15:48:18.947] [I] [HTTP] 已成功处理一个 API 请求：/send_msg/
[2020-04-13 15:48:28.803] [D] [HTTP] 收到 HTTP 请求：POST /send_msg/，来源 IP：127.0.0.1
[2020-04-13 15:48:28.805] [D] [HTTP] Content-Type: application/json
[2020-04-13 15:48:28.805] [D] [HTTP] HTTP 正文内容：{"auto_escape":false,"message":"testSenderMsg","message_type":"private","user_id":"122742729"}
[2020-04-13 15:48:28.808] [D] [HTTP] 开始执行动作 send_msg
[2020-04-13 15:48:28.935] [D] [HTTP] 动作 send_msg 执行成功
[2020-04-13 15:48:28.936] [D] [HTTP] 响应数据已准备完毕：{"data":{"message_id":20},"retcode":0,"status":"ok"}
[2020-04-13 15:48:28.940] [D] [HTTP] 响应内容已发送
[2020-04-13 15:48:28.942] [I] [HTTP] 已成功处理一个 API 请求：/send_msg/
[2020-04-13 15:48:38.801] [D] [HTTP] 收到 HTTP 请求：POST /send_msg/，来源 IP：127.0.0.1
[2020-04-13 15:48:38.803] [D] [HTTP] Content-Type: application/json
[2020-04-13 15:48:38.806] [D] [HTTP] HTTP 正文内容：{"auto_escape":false,"message":"testSenderMsg","message_type":"private","user_id":"122742729"}
[2020-04-13 15:48:38.807] [D] [HTTP] 开始执行动作 send_msg
[2020-04-13 15:48:38.956] [D] [HTTP] 动作 send_msg 执行成功
[2020-04-13 15:48:38.958] [D] [HTTP] 响应数据已准备完毕：{"data":{"message_id":21},"retcode":0,"status":"ok"}
[2020-04-13 15:48:38.959] [D] [HTTP] 响应内容已发送
[2020-04-13 15:48:38.962] [I] [HTTP] 已成功处理一个 API 请求：/send_msg/
[2020-04-13 15:51:00.096] [D] [HTTP] 收到 HTTP 请求：POST /send_msg/，来源 IP：127.0.0.1
[2020-04-13 15:51:00.098] [D] [HTTP] Content-Type: application/json
[2020-04-13 15:51:00.102] [D] [HTTP] HTTP 正文内容：{"auto_escape":false,"message":"testSenderMsg","message_type":"private","user_id":"122742729"}
[2020-04-13 15:51:00.102] [D] [HTTP] 开始执行动作 send_msg
[2020-04-13 15:51:00.241] [D] [HTTP] 动作 send_msg 执行成功
[2020-04-13 15:51:00.247] [D] [HTTP] 响应数据已准备完毕：{"data":{"message_id":22},"retcode":0,"status":"ok"}
[2020-04-13 15:51:00.249] [D] [HTTP] 响应内容已发送
[2020-04-13 15:51:00.249] [I] [HTTP] 已成功处理一个 API 请求：/send_msg/
[2020-04-13 15:51:42.906] [D] [HTTP] 收到 HTTP 请求：POST /send_msg/，来源 IP：127.0.0.1
[2020-04-13 15:51:42.907] [D] [HTTP] Content-Type: application/json
[2020-04-13 15:51:42.908] [D] [HTTP] HTTP 正文内容：{"auto_escape":false,"message":"testSenderMsg","message_type":"private","user_id":"122742729"}
[2020-04-13 15:51:42.911] [D] [HTTP] 开始执行动作 send_msg
[2020-04-13 15:51:43.036] [D] [HTTP] 动作 send_msg 执行成功
[2020-04-13 15:51:43.037] [D] [HTTP] 响应数据已准备完毕：{"data":{"message_id":23},"retcode":0,"status":"ok"}
[2020-04-13 15:51:43.040] [D] [HTTP] 响应内容已发送
[2020-04-13 15:51:43.041] [I] [HTTP] 已成功处理一个 API 请求：/send_msg/
[2020-04-13 15:52:12.114] [D] [HTTP] 收到 HTTP 请求：POST /send_msg/，来源 IP：127.0.0.1
[2020-04-13 15:52:12.120] [D] [HTTP] Content-Type: application/json
[2020-04-13 15:52:12.121] [D] [HTTP] HTTP 正文内容：{"auto_escape":false,"message":"testSenderMsg","message_type":"private","user_id":"122742729"}
[2020-04-13 15:52:12.122] [D] [HTTP] 开始执行动作 send_msg
[2020-04-13 15:52:12.248] [D] [HTTP] 动作 send_msg 执行成功
[2020-04-13 15:52:12.249] [D] [HTTP] 响应数据已准备完毕：{"data":{"message_id":24},"retcode":0,"status":"ok"}
[2020-04-13 15:52:12.250] [D] [HTTP] 响应内容已发送
[2020-04-13 15:52:12.255] [I] [HTTP] 已成功处理一个 API 请求：/send_msg/
[2020-04-13 15:52:19.328] [D] [HTTP] 收到 HTTP 请求：POST /send_msg/，来源 IP：127.0.0.1
[2020-04-13 15:52:19.329] [D] [HTTP] Content-Type: application/json
[2020-04-13 15:52:19.329] [D] [HTTP] HTTP 正文内容：{"auto_escape":false,"message":"testSenderMsg","message_type":"private","user_id":"122742729"}
[2020-04-13 15:52:19.333] [D] [HTTP] 开始执行动作 send_msg
[2020-04-13 15:52:19.462] [D] [HTTP] 动作 send_msg 执行成功
[2020-04-13 15:52:19.463] [D] [HTTP] 响应数据已准备完毕：{"data":{"message_id":25},"retcode":0,"status":"ok"}
[2020-04-13 15:52:19.467] [D] [HTTP] 响应内容已发送
[2020-04-13 15:52:19.467] [I] [HTTP] 已成功处理一个 API 请求：/send_msg/
[2020-04-13 15:52:19.477] [D] [HTTP] 收到 HTTP 请求：POST /send_msg/，来源 IP：127.0.0.1
[2020-04-13 15:52:19.482] [D] [HTTP] Content-Type: application/json
[2020-04-13 15:52:19.483] [D] [HTTP] HTTP 正文内容：{"auto_escape":false,"message":"循环","message_type":"private","user_id":"122742729"}
[2020-04-13 15:52:19.484] [D] [HTTP] 开始执行动作 send_msg
[2020-04-13 15:52:19.681] [D] [HTTP] 动作 send_msg 执行成功
[2020-04-13 15:52:19.683] [D] [HTTP] 响应数据已准备完毕：{"data":{"message_id":26},"retcode":0,"status":"ok"}
[2020-04-13 15:52:19.686] [D] [HTTP] 响应内容已发送
[2020-04-13 15:52:19.689] [I] [HTTP] 已成功处理一个 API 请求：/send_msg/
[2020-04-13 15:52:19.693] [D] [HTTP] 收到 HTTP 请求：POST /send_msg/，来源 IP：127.0.0.1
[2020-04-13 15:52:19.693] [D] [HTTP] Content-Type: application/json
[2020-04-13 15:52:19.697] [D] [HTTP] HTTP 正文内容：{"auto_escape":false,"message":"循环","message_type":"private","user_id":"122742729"}
[2020-04-13 15:52:19.697] [D] [HTTP] 开始执行动作 send_msg
[2020-04-13 15:52:19.908] [D] [HTTP] 动作 send_msg 执行成功
[2020-04-13 15:52:19.910] [D] [HTTP] 响应数据已准备完毕：{"data":{"message_id":27},"retcode":0,"status":"ok"}
[2020-04-13 15:52:19.913] [D] [HTTP] 响应内容已发送
[2020-04-13 15:52:19.914] [I] [HTTP] 已成功处理一个 API 请求：/send_msg/
[2020-04-13 15:52:19.917] [D] [HTTP] 收到 HTTP 请求：POST /send_msg/，来源 IP：127.0.0.1
[2020-04-13 15:52:19.918] [D] [HTTP] Content-Type: application/json
[2020-04-13 15:52:19.918] [D] [HTTP] HTTP 正文内容：{"auto_escape":false,"message":"循环","message_type":"private","user_id":"122742729"}
[2020-04-13 15:52:19.920] [D] [HTTP] 开始执行动作 send_msg
[2020-04-13 15:52:20.139] [D] [HTTP] 动作 send_msg 执行成功
[2020-04-13 15:52:20.141] [D] [HTTP] 响应数据已准备完毕：{"data":{"message_id":28},"retcode":0,"status":"ok"}
[2020-04-13 15:52:20.144] [D] [HTTP] 响应内容已发送
[2020-04-13 15:52:20.145] [I] [HTTP] 已成功处理一个 API 请求：/send_msg/
[2020-04-13 15:52:20.148] [D] [HTTP] 收到 HTTP 请求：POST /send_msg/，来源 IP：127.0.0.1
[2020-04-13 15:52:20.151] [D] [HTTP] Content-Type: application/json
[2020-04-13 15:52:20.152] [D] [HTTP] HTTP 正文内容：{"auto_escape":false,"message":"循环","message_type":"private","user_id":"122742729"}
[2020-04-13 15:52:20.155] [D] [HTTP] 开始执行动作 send_msg
[2020-04-13 15:52:20.318] [D] [HTTP] 动作 send_msg 执行成功
[2020-04-13 15:52:20.319] [D] [HTTP] 响应数据已准备完毕：{"data":{"message_id":29},"retcode":0,"status":"ok"}
[2020-04-13 15:52:20.322] [D] [HTTP] 响应内容已发送
[2020-04-13 15:52:20.324] [I] [HTTP] 已成功处理一个 API 请求：/send_msg/
[2020-04-13 15:52:20.327] [D] [HTTP] 收到 HTTP 请求：POST /send_msg/，来源 IP：127.0.0.1
[2020-04-13 15:52:20.327] [D] [HTTP] Content-Type: application/json
[2020-04-13 15:52:20.329] [D] [HTTP] HTTP 正文内容：{"auto_escape":false,"message":"循环","message_type":"private","user_id":"122742729"}
[2020-04-13 15:52:20.330] [D] [HTTP] 开始执行动作 send_msg
[2020-04-13 15:52:20.526] [D] [HTTP] 动作 send_msg 执行成功
[2020-04-13 15:52:20.527] [D] [HTTP] 响应数据已准备完毕：{"data":{"message_id":30},"retcode":0,"status":"ok"}
[2020-04-13 15:52:20.531] [D] [HTTP] 响应内容已发送
[2020-04-13 15:52:20.531] [I] [HTTP] 已成功处理一个 API 请求：/send_msg/
[2020-04-13 15:56:27.430] [D] [HTTP] 收到 HTTP 请求：POST /send_msg/，来源 IP：127.0.0.1
[2020-04-13 15:56:27.431] [D] [HTTP] Content-Type: application/json
[2020-04-13 15:56:27.436] [D] [HTTP] HTTP 正文内容：{"auto_escape":false,"message":"testSenderMsg","message_type":"private","user_id":"122742729"}
[2020-04-13 15:56:27.436] [D] [HTTP] 开始执行动作 send_msg
[2020-04-13 15:56:27.562] [D] [HTTP] 动作 send_msg 执行成功
[2020-04-13 15:56:27.564] [D] [HTTP] 响应数据已准备完毕：{"data":{"message_id":31},"retcode":0,"status":"ok"}
[2020-04-13 15:56:27.564] [D] [HTTP] 响应内容已发送
[2020-04-13 15:56:27.568] [I] [HTTP] 已成功处理一个 API 请求：/send_msg/
[2020-04-13 15:56:27.579] [D] [HTTP] 收到 HTTP 请求：POST /send_msg/，来源 IP：127.0.0.1
[2020-04-13 15:56:27.580] [D] [HTTP] Content-Type: application/json
[2020-04-13 15:56:27.583] [D] [HTTP] HTTP 正文内容：{"auto_escape":false,"message":"循环","message_type":"private","user_id":"122742729"}
[2020-04-13 15:56:27.585] [D] [HTTP] 开始执行动作 send_msg
[2020-04-13 15:56:27.785] [D] [HTTP] 动作 send_msg 执行成功
[2020-04-13 15:56:27.813] [D] [HTTP] 响应数据已准备完毕：{"data":{"message_id":32},"retcode":0,"status":"ok"}
[2020-04-13 15:56:27.819] [D] [HTTP] 响应内容已发送
[2020-04-13 15:56:27.820] [I] [HTTP] 已成功处理一个 API 请求：/send_msg/
[2020-04-13 15:56:27.864] [D] [HTTP] 收到 HTTP 请求：POST /send_msg/，来源 IP：127.0.0.1
[2020-04-13 15:56:27.865] [D] [HTTP] Content-Type: application/json
[2020-04-13 15:56:27.869] [D] [HTTP] HTTP 正文内容：{"auto_escape":false,"message":"循环","message_type":"private","user_id":"122742729"}
[2020-04-13 15:56:27.872] [D] [HTTP] 开始执行动作 send_msg
[2020-04-13 15:56:28.059] [D] [HTTP] 动作 send_msg 执行成功
[2020-04-13 15:56:28.061] [D] [HTTP] 响应数据已准备完毕：{"data":{"message_id":33},"retcode":0,"status":"ok"}
[2020-04-13 15:56:28.064] [D] [HTTP] 响应内容已发送
[2020-04-13 15:56:28.065] [I] [HTTP] 已成功处理一个 API 请求：/send_msg/
[2020-04-13 15:56:28.070] [D] [HTTP] 收到 HTTP 请求：POST /send_msg/，来源 IP：127.0.0.1
[2020-04-13 15:56:28.071] [D] [HTTP] Content-Type: application/json
[2020-04-13 15:56:28.075] [D] [HTTP] HTTP 正文内容：{"auto_escape":false,"message":"循环","message_type":"private","user_id":"122742729"}
[2020-04-13 15:56:28.076] [D] [HTTP] 开始执行动作 send_msg
[2020-04-13 15:56:28.273] [D] [HTTP] 动作 send_msg 执行成功
[2020-04-13 15:56:28.276] [D] [HTTP] 响应数据已准备完毕：{"data":{"message_id":34},"retcode":0,"status":"ok"}
[2020-04-13 15:56:28.277] [D] [HTTP] 响应内容已发送
[2020-04-13 15:56:28.281] [I] [HTTP] 已成功处理一个 API 请求：/send_msg/
[2020-04-13 15:56:28.286] [D] [HTTP] 收到 HTTP 请求：POST /send_msg/，来源 IP：127.0.0.1
[2020-04-13 15:56:28.286] [D] [HTTP] Content-Type: application/json
[2020-04-13 15:56:28.290] [D] [HTTP] HTTP 正文内容：{"auto_escape":false,"message":"循环","message_type":"private","user_id":"122742729"}
[2020-04-13 15:56:28.292] [D] [HTTP] 开始执行动作 send_msg
[2020-04-13 15:56:28.468] [D] [HTTP] 动作 send_msg 执行成功
[2020-04-13 15:56:28.471] [D] [HTTP] 响应数据已准备完毕：{"data":{"message_id":35},"retcode":0,"status":"ok"}
[2020-04-13 15:56:28.475] [D] [HTTP] 响应内容已发送
[2020-04-13 15:56:28.475] [I] [HTTP] 已成功处理一个 API 请求：/send_msg/
[2020-04-13 15:56:28.478] [D] [HTTP] 收到 HTTP 请求：POST /send_msg/，来源 IP：127.0.0.1
[2020-04-13 15:56:28.480] [D] [HTTP] Content-Type: application/json
[2020-04-13 15:56:28.487] [D] [HTTP] HTTP 正文内容：{"auto_escape":false,"message":"循环","message_type":"private","user_id":"122742729"}
[2020-04-13 15:56:28.488] [D] [HTTP] 开始执行动作 send_msg
[2020-04-13 15:56:28.682] [D] [HTTP] 动作 send_msg 执行成功
[2020-04-13 15:56:28.686] [D] [HTTP] 响应数据已准备完毕：{"data":{"message_id":36},"retcode":0,"status":"ok"}
[2020-04-13 15:56:28.689] [D] [HTTP] 响应内容已发送
[2020-04-13 15:56:28.690] [I] [HTTP] 已成功处理一个 API 请求：/send_msg/
[2020-04-13 15:56:38.533] [D] [HTTP] 开始通过 HTTP 上报事件
[2020-04-13 15:56:38.926] [I] [HTTP] 通过 HTTP 上报数据到 http://127.0.0.1:10086/coolq 成功，状态码：200
[2020-04-13 15:56:47.345] [D] [HTTP] 收到 HTTP 请求：POST /send_msg/，来源 IP：127.0.0.1
[2020-04-13 15:56:47.347] [D] [HTTP] Content-Type: application/json
[2020-04-13 15:56:47.348] [D] [HTTP] HTTP 正文内容：{"auto_escape":false,"message":"testSenderMsg","message_type":"private","user_id":"122742729"}
[2020-04-13 15:56:47.352] [D] [HTTP] 开始执行动作 send_msg
[2020-04-13 15:56:47.449] [D] [HTTP] 动作 send_msg 执行成功
[2020-04-13 15:56:47.452] [D] [HTTP] 响应数据已准备完毕：{"data":{"message_id":38},"retcode":0,"status":"ok"}
[2020-04-13 15:56:47.456] [D] [HTTP] 响应内容已发送
[2020-04-13 15:56:47.456] [I] [HTTP] 已成功处理一个 API 请求：/send_msg/
[2020-04-13 15:56:47.462] [D] [HTTP] 收到 HTTP 请求：POST /send_msg/，来源 IP：127.0.0.1
[2020-04-13 15:56:47.462] [D] [HTTP] Content-Type: application/json
[2020-04-13 15:56:47.466] [D] [HTTP] HTTP 正文内容：{"auto_escape":false,"message":"循环","message_type":"private","user_id":"122742729"}
[2020-04-13 15:56:47.468] [D] [HTTP] 开始执行动作 send_msg
[2020-04-13 15:56:47.681] [D] [HTTP] 动作 send_msg 执行成功
[2020-04-13 15:56:47.682] [D] [HTTP] 响应数据已准备完毕：{"data":{"message_id":39},"retcode":0,"status":"ok"}
[2020-04-13 15:56:47.686] [D] [HTTP] 响应内容已发送
[2020-04-13 15:56:47.686] [I] [HTTP] 已成功处理一个 API 请求：/send_msg/
[2020-04-13 15:56:47.689] [D] [HTTP] 收到 HTTP 请求：POST /send_msg/，来源 IP：127.0.0.1
[2020-04-13 15:56:47.690] [D] [HTTP] Content-Type: application/json
[2020-04-13 15:56:47.690] [D] [HTTP] HTTP 正文内容：{"auto_escape":false,"message":"循环","message_type":"private","user_id":"122742729"}
[2020-04-13 15:56:47.693] [D] [HTTP] 开始执行动作 send_msg
[2020-04-13 15:56:47.950] [D] [HTTP] 动作 send_msg 执行成功
[2020-04-13 15:56:47.952] [D] [HTTP] 响应数据已准备完毕：{"data":{"message_id":40},"retcode":0,"status":"ok"}
[2020-04-13 15:56:47.955] [D] [HTTP] 响应内容已发送
[2020-04-13 15:56:47.955] [I] [HTTP] 已成功处理一个 API 请求：/send_msg/
[2020-04-13 15:56:47.959] [D] [HTTP] 收到 HTTP 请求：POST /send_msg/，来源 IP：127.0.0.1
[2020-04-13 15:56:47.960] [D] [HTTP] Content-Type: application/json
[2020-04-13 15:56:47.961] [D] [HTTP] HTTP 正文内容：{"auto_escape":false,"message":"循环","message_type":"private","user_id":"122742729"}
[2020-04-13 15:56:47.963] [D] [HTTP] 开始执行动作 send_msg
[2020-04-13 15:56:48.161] [D] [HTTP] 动作 send_msg 执行成功
[2020-04-13 15:56:48.164] [D] [HTTP] 响应数据已准备完毕：{"data":{"message_id":41},"retcode":0,"status":"ok"}
[2020-04-13 15:56:48.166] [D] [HTTP] 响应内容已发送
[2020-04-13 15:56:48.167] [I] [HTTP] 已成功处理一个 API 请求：/send_msg/
[2020-04-13 15:56:48.171] [D] [HTTP] 收到 HTTP 请求：POST /send_msg/，来源 IP：127.0.0.1
[2020-04-13 15:56:48.171] [D] [HTTP] Content-Type: application/json
[2020-04-13 15:56:48.173] [D] [HTTP] HTTP 正文内容：{"auto_escape":false,"message":"循环","message_type":"private","user_id":"122742729"}
[2020-04-13 15:56:48.176] [D] [HTTP] 开始执行动作 send_msg
[2020-04-13 15:56:48.428] [D] [HTTP] 动作 send_msg 执行成功
[2020-04-13 15:56:48.430] [D] [HTTP] 响应数据已准备完毕：{"data":{"message_id":42},"retcode":0,"status":"ok"}
[2020-04-13 15:56:48.433] [D] [HTTP] 响应内容已发送
[2020-04-13 15:56:48.434] [I] [HTTP] 已成功处理一个 API 请求：/send_msg/
[2020-04-13 15:56:48.436] [D] [HTTP] 收到 HTTP 请求：POST /send_msg/，来源 IP：127.0.0.1
[2020-04-13 15:56:48.437] [D] [HTTP] Content-Type: application/json
[2020-04-13 15:56:48.438] [D] [HTTP] HTTP 正文内容：{"auto_escape":false,"message":"循环","message_type":"private","user_id":"122742729"}
[2020-04-13 15:56:48.441] [D] [HTTP] 开始执行动作 send_msg
[2020-04-13 15:56:48.644] [D] [HTTP] 动作 send_msg 执行成功
[2020-04-13 15:56:48.651] [D] [HTTP] 响应数据已准备完毕：{"data":{"message_id":43},"retcode":0,"status":"ok"}
[2020-04-13 15:56:48.652] [D] [HTTP] 响应内容已发送
[2020-04-13 15:56:48.652] [I] [HTTP] 已成功处理一个 API 请求：/send_msg/
[2020-04-13 15:56:55.026] [D] [HTTP] 开始通过 HTTP 上报事件
[2020-04-13 15:56:55.031] [I] [HTTP] 通过 HTTP 上报数据到 http://127.0.0.1:10086/coolq 成功，状态码：200
[2020-04-13 15:57:08.958] [D] [HTTP] 收到 HTTP 请求：POST /send_msg/，来源 IP：127.0.0.1
[2020-04-13 15:57:08.959] [D] [HTTP] Content-Type: application/json
[2020-04-13 15:57:08.960] [D] [HTTP] HTTP 正文内容：{"auto_escape":false,"message":"testSenderMsg","message_type":"private","user_id":"122742729"}
[2020-04-13 15:57:08.963] [D] [HTTP] 开始执行动作 send_msg
[2020-04-13 15:57:09.069] [D] [HTTP] 动作 send_msg 执行成功
[2020-04-13 15:57:09.071] [D] [HTTP] 响应数据已准备完毕：{"data":{"message_id":45},"retcode":0,"status":"ok"}
[2020-04-13 15:57:09.074] [D] [HTTP] 响应内容已发送
[2020-04-13 15:57:09.075] [I] [HTTP] 已成功处理一个 API 请求：/send_msg/
[2020-04-13 15:57:13.245] [D] [HTTP] 收到 HTTP 请求：POST /send_msg/，来源 IP：127.0.0.1
[2020-04-13 15:57:13.247] [D] [HTTP] Content-Type: application/json
[2020-04-13 15:57:13.248] [D] [HTTP] HTTP 正文内容：{"auto_escape":false,"message":"循环","message_type":"private","user_id":"122742729"}
[2020-04-13 15:57:13.257] [D] [HTTP] 开始执行动作 send_msg
[2020-04-13 15:57:13.363] [D] [HTTP] 动作 send_msg 执行成功
[2020-04-13 15:57:13.364] [D] [HTTP] 响应数据已准备完毕：{"data":{"message_id":46},"retcode":0,"status":"ok"}
[2020-04-13 15:57:13.370] [D] [HTTP] 响应内容已发送
[2020-04-13 15:57:13.370] [I] [HTTP] 已成功处理一个 API 请求：/send_msg/
[2020-04-13 15:57:13.373] [D] [HTTP] 收到 HTTP 请求：POST /send_msg/，来源 IP：127.0.0.1
[2020-04-13 15:57:13.374] [D] [HTTP] Content-Type: application/json
[2020-04-13 15:57:13.377] [D] [HTTP] HTTP 正文内容：{"auto_escape":false,"message":"循环","message_type":"private","user_id":"122742729"}
[2020-04-13 15:57:13.378] [D] [HTTP] 开始执行动作 send_msg
[2020-04-13 15:57:13.552] [D] [HTTP] 动作 send_msg 执行成功
[2020-04-13 15:57:13.555] [D] [HTTP] 响应数据已准备完毕：{"data":{"message_id":47},"retcode":0,"status":"ok"}
[2020-04-13 15:57:13.562] [D] [HTTP] 响应内容已发送
[2020-04-13 15:57:13.563] [I] [HTTP] 已成功处理一个 API 请求：/send_msg/
[2020-04-13 15:57:13.566] [D] [HTTP] 收到 HTTP 请求：POST /send_msg/，来源 IP：127.0.0.1
[2020-04-13 15:57:13.567] [D] [HTTP] Content-Type: application/json
[2020-04-13 15:57:13.569] [D] [HTTP] HTTP 正文内容：{"auto_escape":false,"message":"循环","message_type":"private","user_id":"122742729"}
[2020-04-13 15:57:13.570] [D] [HTTP] 开始执行动作 send_msg
[2020-04-13 15:57:13.775] [D] [HTTP] 动作 send_msg 执行成功
[2020-04-13 15:57:13.776] [D] [HTTP] 响应数据已准备完毕：{"data":{"message_id":48},"retcode":0,"status":"ok"}
[2020-04-13 15:57:13.780] [D] [HTTP] 响应内容已发送
[2020-04-13 15:57:13.781] [I] [HTTP] 已成功处理一个 API 请求：/send_msg/
[2020-04-13 15:57:13.784] [D] [HTTP] 收到 HTTP 请求：POST /send_msg/，来源 IP：127.0.0.1
[2020-04-13 15:57:13.785] [D] [HTTP] Content-Type: application/json
[2020-04-13 15:57:13.787] [D] [HTTP] HTTP 正文内容：{"auto_escape":false,"message":"循环","message_type":"private","user_id":"122742729"}
[2020-04-13 15:57:13.788] [D] [HTTP] 开始执行动作 send_msg
[2020-04-13 15:57:14.005] [D] [HTTP] 动作 send_msg 执行成功
[2020-04-13 15:57:14.007] [D] [HTTP] 响应数据已准备完毕：{"data":{"message_id":49},"retcode":0,"status":"ok"}
[2020-04-13 15:57:14.007] [D] [HTTP] 响应内容已发送
[2020-04-13 15:57:14.011] [I] [HTTP] 已成功处理一个 API 请求：/send_msg/
[2020-04-13 15:57:14.014] [D] [HTTP] 收到 HTTP 请求：POST /send_msg/，来源 IP：127.0.0.1
[2020-04-13 15:57:14.015] [D] [HTTP] Content-Type: application/json
[2020-04-13 15:57:14.015] [D] [HTTP] HTTP 正文内容：{"auto_escape":false,"message":"循环","message_type":"private","user_id":"122742729"}
[2020-04-13 15:57:14.016] [D] [HTTP] 开始执行动作 send_msg
[2020-04-13 15:57:14.207] [D] [HTTP] 动作 send_msg 执行成功
[2020-04-13 15:57:14.209] [D] [HTTP] 响应数据已准备完毕：{"data":{"message_id":50},"retcode":0,"status":"ok"}
[2020-04-13 15:57:14.212] [D] [HTTP] 响应内容已发送
[2020-04-13 15:57:14.213] [I] [HTTP] 已成功处理一个 API 请求：/send_msg/
[2020-04-13 15:57:16.383] [D] [HTTP] 开始通过 HTTP 上报事件
[2020-04-13 15:57:20.687] [I] [HTTP] 通过 HTTP 上报数据到 http://127.0.0.1:10086/coolq 成功，状态码：200
[2020-04-13 15:59:32.031] [D] [HTTP] 收到 HTTP 请求：POST /send_msg/，来源 IP：127.0.0.1
[2020-04-13 15:59:32.031] [D] [HTTP] Content-Type: application/json
[2020-04-13 15:59:32.031] [D] [HTTP] HTTP 正文内容：{"auto_escape":false,"message":"testSenderMsg","message_type":"private","user_id":"122742729"}
[2020-04-13 15:59:32.031] [D] [HTTP] 开始执行动作 send_msg
[2020-04-13 15:59:32.185] [D] [HTTP] 动作 send_msg 执行成功
[2020-04-13 15:59:32.186] [D] [HTTP] 响应数据已准备完毕：{"data":{"message_id":52},"retcode":0,"status":"ok"}
[2020-04-13 15:59:32.187] [D] [HTTP] 响应内容已发送
[2020-04-13 15:59:32.187] [I] [HTTP] 已成功处理一个 API 请求：/send_msg/
[2020-04-13 15:59:32.198] [D] [HTTP] 收到 HTTP 请求：POST /send_msg/，来源 IP：127.0.0.1
[2020-04-13 15:59:32.199] [D] [HTTP] Content-Type: application/json
[2020-04-13 15:59:32.199] [D] [HTTP] HTTP 正文内容：{"auto_escape":false,"message":"循环","message_type":"private","user_id":"122742729"}
[2020-04-13 15:59:32.200] [D] [HTTP] 开始执行动作 send_msg
[2020-04-13 15:59:32.382] [D] [HTTP] 动作 send_msg 执行成功
[2020-04-13 15:59:32.382] [D] [HTTP] 响应数据已准备完毕：{"data":{"message_id":53},"retcode":0,"status":"ok"}
[2020-04-13 15:59:32.382] [D] [HTTP] 响应内容已发送
[2020-04-13 15:59:32.383] [I] [HTTP] 已成功处理一个 API 请求：/send_msg/
[2020-04-13 15:59:32.386] [D] [HTTP] 收到 HTTP 请求：POST /send_msg/，来源 IP：127.0.0.1
[2020-04-13 15:59:32.386] [D] [HTTP] Content-Type: application/json
[2020-04-13 15:59:32.387] [D] [HTTP] HTTP 正文内容：{"auto_escape":false,"message":"循环","message_type":"private","user_id":"122742729"}
[2020-04-13 15:59:32.387] [D] [HTTP] 开始执行动作 send_msg
[2020-04-13 15:59:32.624] [D] [HTTP] 动作 send_msg 执行成功
[2020-04-13 15:59:32.625] [D] [HTTP] 响应数据已准备完毕：{"data":{"message_id":54},"retcode":0,"status":"ok"}
[2020-04-13 15:59:32.625] [D] [HTTP] 响应内容已发送
[2020-04-13 15:59:32.625] [I] [HTTP] 已成功处理一个 API 请求：/send_msg/
[2020-04-13 15:59:32.628] [D] [HTTP] 收到 HTTP 请求：POST /send_msg/，来源 IP：127.0.0.1
[2020-04-13 15:59:32.629] [D] [HTTP] Content-Type: application/json
[2020-04-13 15:59:32.629] [D] [HTTP] HTTP 正文内容：{"auto_escape":false,"message":"循环","message_type":"private","user_id":"122742729"}
[2020-04-13 15:59:32.629] [D] [HTTP] 开始执行动作 send_msg
[2020-04-13 15:59:32.880] [D] [HTTP] 动作 send_msg 执行成功
[2020-04-13 15:59:32.880] [D] [HTTP] 响应数据已准备完毕：{"data":{"message_id":55},"retcode":0,"status":"ok"}
[2020-04-13 15:59:32.881] [D] [HTTP] 响应内容已发送
[2020-04-13 15:59:32.881] [I] [HTTP] 已成功处理一个 API 请求：/send_msg/
[2020-04-13 15:59:32.885] [D] [HTTP] 收到 HTTP 请求：POST /send_msg/，来源 IP：127.0.0.1
[2020-04-13 15:59:32.885] [D] [HTTP] Content-Type: application/json
[2020-04-13 15:59:32.886] [D] [HTTP] HTTP 正文内容：{"auto_escape":false,"message":"循环","message_type":"private","user_id":"122742729"}
[2020-04-13 15:59:32.887] [D] [HTTP] 开始执行动作 send_msg
[2020-04-13 15:59:33.056] [D] [HTTP] 动作 send_msg 执行成功
[2020-04-13 15:59:33.057] [D] [HTTP] 响应数据已准备完毕：{"data":{"message_id":56},"retcode":0,"status":"ok"}
[2020-04-13 15:59:33.058] [D] [HTTP] 响应内容已发送
[2020-04-13 15:59:33.058] [I] [HTTP] 已成功处理一个 API 请求：/send_msg/
[2020-04-13 15:59:33.062] [D] [HTTP] 收到 HTTP 请求：POST /send_msg/，来源 IP：127.0.0.1
[2020-04-13 15:59:33.063] [D] [HTTP] Content-Type: application/json
[2020-04-13 15:59:33.063] [D] [HTTP] HTTP 正文内容：{"auto_escape":false,"message":"循环","message_type":"private","user_id":"122742729"}
[2020-04-13 15:59:33.063] [D] [HTTP] 开始执行动作 send_msg
[2020-04-13 15:59:33.247] [D] [HTTP] 动作 send_msg 执行成功
[2020-04-13 15:59:33.248] [D] [HTTP] 响应数据已准备完毕：{"data":{"message_id":57},"retcode":0,"status":"ok"}
[2020-04-13 15:59:33.248] [D] [HTTP] 响应内容已发送
[2020-04-13 15:59:33.248] [I] [HTTP] 已成功处理一个 API 请求：/send_msg/
[2020-04-13 15:59:36.233] [D] [HTTP] 开始通过 HTTP 上报事件
[2020-04-13 15:59:36.420] [I] [HTTP] 通过 HTTP 上报数据到 http://127.0.0.1:10086/coolq 成功，状态码：200
[2020-04-13 15:59:49.306] [D] [HTTP] 开始通过 HTTP 上报事件
[2020-04-13 15:59:49.319] [I] [HTTP] 通过 HTTP 上报数据到 http://127.0.0.1:10086/coolq 成功，状态码：200
[2020-04-13 15:59:51.883] [D] [HTTP] 收到 HTTP 请求：POST /send_msg/，来源 IP：127.0.0.1
[2020-04-13 15:59:51.884] [D] [HTTP] Content-Type: application/json
[2020-04-13 15:59:51.884] [D] [HTTP] HTTP 正文内容：{"auto_escape":false,"message":"testSenderMsg","message_type":"private","user_id":"122742729"}
[2020-04-13 15:59:51.885] [D] [HTTP] 开始执行动作 send_msg
[2020-04-13 15:59:51.984] [D] [HTTP] 动作 send_msg 执行成功
[2020-04-13 15:59:51.984] [D] [HTTP] 响应数据已准备完毕：{"data":{"message_id":60},"retcode":0,"status":"ok"}
[2020-04-13 15:59:51.985] [D] [HTTP] 响应内容已发送
[2020-04-13 15:59:51.985] [I] [HTTP] 已成功处理一个 API 请求：/send_msg/
[2020-04-13 15:59:51.989] [D] [HTTP] 收到 HTTP 请求：POST /send_msg/，来源 IP：127.0.0.1
[2020-04-13 15:59:51.991] [D] [HTTP] Content-Type: application/json
[2020-04-13 15:59:51.991] [D] [HTTP] HTTP 正文内容：{"auto_escape":false,"message":"循环","message_type":"private","user_id":"122742729"}
[2020-04-13 15:59:51.993] [D] [HTTP] 开始执行动作 send_msg
[2020-04-13 15:59:52.181] [D] [HTTP] 动作 send_msg 执行成功
[2020-04-13 15:59:52.182] [D] [HTTP] 响应数据已准备完毕：{"data":{"message_id":61},"retcode":0,"status":"ok"}
[2020-04-13 15:59:52.183] [D] [HTTP] 响应内容已发送
[2020-04-13 15:59:52.183] [I] [HTTP] 已成功处理一个 API 请求：/send_msg/
[2020-04-13 15:59:52.187] [D] [HTTP] 收到 HTTP 请求：POST /send_msg/，来源 IP：127.0.0.1
[2020-04-13 15:59:52.187] [D] [HTTP] Content-Type: application/json
[2020-04-13 15:59:52.187] [D] [HTTP] HTTP 正文内容：{"auto_escape":false,"message":"循环","message_type":"private","user_id":"122742729"}
[2020-04-13 15:59:52.187] [D] [HTTP] 开始执行动作 send_msg
[2020-04-13 15:59:52.469] [D] [HTTP] 动作 send_msg 执行成功
[2020-04-13 15:59:52.469] [D] [HTTP] 响应数据已准备完毕：{"data":{"message_id":62},"retcode":0,"status":"ok"}
[2020-04-13 15:59:52.469] [D] [HTTP] 响应内容已发送
[2020-04-13 15:59:52.470] [I] [HTTP] 已成功处理一个 API 请求：/send_msg/
[2020-04-13 15:59:52.473] [D] [HTTP] 收到 HTTP 请求：POST /send_msg/，来源 IP：127.0.0.1
[2020-04-13 15:59:52.473] [D] [HTTP] Content-Type: application/json
[2020-04-13 15:59:52.474] [D] [HTTP] HTTP 正文内容：{"auto_escape":false,"message":"循环","message_type":"private","user_id":"122742729"}
[2020-04-13 15:59:52.474] [D] [HTTP] 开始执行动作 send_msg
[2020-04-13 15:59:52.678] [D] [HTTP] 动作 send_msg 执行成功
[2020-04-13 15:59:52.678] [D] [HTTP] 响应数据已准备完毕：{"data":{"message_id":63},"retcode":0,"status":"ok"}
[2020-04-13 15:59:52.679] [D] [HTTP] 响应内容已发送
[2020-04-13 15:59:52.679] [I] [HTTP] 已成功处理一个 API 请求：/send_msg/
[2020-04-13 15:59:52.683] [D] [HTTP] 收到 HTTP 请求：POST /send_msg/，来源 IP：127.0.0.1
[2020-04-13 15:59:52.685] [D] [HTTP] Content-Type: application/json
[2020-04-13 15:59:52.685] [D] [HTTP] HTTP 正文内容：{"auto_escape":false,"message":"循环","message_type":"private","user_id":"122742729"}
[2020-04-13 15:59:52.686] [D] [HTTP] 开始执行动作 send_msg
[2020-04-13 15:59:52.870] [D] [HTTP] 动作 send_msg 执行成功
[2020-04-13 15:59:52.870] [D] [HTTP] 响应数据已准备完毕：{"data":{"message_id":64},"retcode":0,"status":"ok"}
[2020-04-13 15:59:52.871] [D] [HTTP] 响应内容已发送
[2020-04-13 15:59:52.871] [I] [HTTP] 已成功处理一个 API 请求：/send_msg/
[2020-04-13 15:59:52.874] [D] [HTTP] 收到 HTTP 请求：POST /send_msg/，来源 IP：127.0.0.1
[2020-04-13 15:59:52.875] [D] [HTTP] Content-Type: application/json
[2020-04-13 15:59:52.875] [D] [HTTP] HTTP 正文内容：{"auto_escape":false,"message":"循环","message_type":"private","user_id":"122742729"}
[2020-04-13 15:59:52.875] [D] [HTTP] 开始执行动作 send_msg
[2020-04-13 15:59:53.070] [D] [HTTP] 动作 send_msg 执行成功
[2020-04-13 15:59:53.071] [D] [HTTP] 响应数据已准备完毕：{"data":{"message_id":65},"retcode":0,"status":"ok"}
[2020-04-13 15:59:53.071] [D] [HTTP] 响应内容已发送
[2020-04-13 15:59:53.071] [I] [HTTP] 已成功处理一个 API 请求：/send_msg/
[2020-04-13 16:03:31.292] [D] [HTTP] 收到 HTTP 请求：POST /send_msg/，来源 IP：127.0.0.1
[2020-04-13 16:03:31.292] [D] [HTTP] Content-Type: application/json
[2020-04-13 16:03:31.292] [D] [HTTP] HTTP 正文内容：{"auto_escape":false,"message":"testSenderMsg","message_type":"private","user_id":"122742729"}
[2020-04-13 16:03:31.292] [D] [HTTP] 开始执行动作 send_msg
[2020-04-13 16:03:31.402] [D] [HTTP] 动作 send_msg 执行成功
[2020-04-13 16:03:31.403] [D] [HTTP] 响应数据已准备完毕：{"data":{"message_id":66},"retcode":0,"status":"ok"}
[2020-04-13 16:03:31.404] [D] [HTTP] 响应内容已发送
[2020-04-13 16:03:31.404] [I] [HTTP] 已成功处理一个 API 请求：/send_msg/
[2020-04-13 16:03:31.414] [D] [HTTP] 收到 HTTP 请求：POST /send_msg/，来源 IP：127.0.0.1
[2020-04-13 16:03:31.415] [D] [HTTP] Content-Type: application/json
[2020-04-13 16:03:31.415] [D] [HTTP] HTTP 正文内容：{"auto_escape":false,"message":"循环","message_type":"private","user_id":"122742729"}
[2020-04-13 16:03:31.415] [D] [HTTP] 开始执行动作 send_msg
[2020-04-13 16:03:31.626] [D] [HTTP] 动作 send_msg 执行成功
[2020-04-13 16:03:31.626] [D] [HTTP] 响应数据已准备完毕：{"data":{"message_id":67},"retcode":0,"status":"ok"}
[2020-04-13 16:03:31.627] [D] [HTTP] 响应内容已发送
[2020-04-13 16:03:31.627] [I] [HTTP] 已成功处理一个 API 请求：/send_msg/
[2020-04-13 16:03:31.630] [D] [HTTP] 收到 HTTP 请求：POST /send_msg/，来源 IP：127.0.0.1
[2020-04-13 16:03:31.631] [D] [HTTP] Content-Type: application/json
[2020-04-13 16:03:31.631] [D] [HTTP] HTTP 正文内容：{"auto_escape":false,"message":"循环","message_type":"private","user_id":"122742729"}
[2020-04-13 16:03:31.631] [D] [HTTP] 开始执行动作 send_msg
[2020-04-13 16:03:31.838] [D] [HTTP] 动作 send_msg 执行成功
[2020-04-13 16:03:31.838] [D] [HTTP] 响应数据已准备完毕：{"data":{"message_id":68},"retcode":0,"status":"ok"}
[2020-04-13 16:03:31.839] [D] [HTTP] 响应内容已发送
[2020-04-13 16:03:31.839] [I] [HTTP] 已成功处理一个 API 请求：/send_msg/
[2020-04-13 16:03:31.843] [D] [HTTP] 收到 HTTP 请求：POST /send_msg/，来源 IP：127.0.0.1
[2020-04-13 16:03:31.843] [D] [HTTP] Content-Type: application/json
[2020-04-13 16:03:31.844] [D] [HTTP] HTTP 正文内容：{"auto_escape":false,"message":"循环","message_type":"private","user_id":"122742729"}
[2020-04-13 16:03:31.844] [D] [HTTP] 开始执行动作 send_msg
[2020-04-13 16:03:32.139] [D] [HTTP] 动作 send_msg 执行成功
[2020-04-13 16:03:32.140] [D] [HTTP] 响应数据已准备完毕：{"data":{"message_id":69},"retcode":0,"status":"ok"}
[2020-04-13 16:03:32.140] [D] [HTTP] 响应内容已发送
[2020-04-13 16:03:32.140] [I] [HTTP] 已成功处理一个 API 请求：/send_msg/
[2020-04-13 16:03:32.143] [D] [HTTP] 收到 HTTP 请求：POST /send_msg/，来源 IP：127.0.0.1
[2020-04-13 16:03:32.144] [D] [HTTP] Content-Type: application/json
[2020-04-13 16:03:32.144] [D] [HTTP] HTTP 正文内容：{"auto_escape":false,"message":"循环","message_type":"private","user_id":"122742729"}
[2020-04-13 16:03:32.144] [D] [HTTP] 开始执行动作 send_msg
[2020-04-13 16:03:32.336] [D] [HTTP] 动作 send_msg 执行成功
[2020-04-13 16:03:32.336] [D] [HTTP] 响应数据已准备完毕：{"data":{"message_id":70},"retcode":0,"status":"ok"}
[2020-04-13 16:03:32.336] [D] [HTTP] 响应内容已发送
[2020-04-13 16:03:32.337] [I] [HTTP] 已成功处理一个 API 请求：/send_msg/
[2020-04-13 16:03:32.340] [D] [HTTP] 收到 HTTP 请求：POST /send_msg/，来源 IP：127.0.0.1
[2020-04-13 16:03:32.342] [D] [HTTP] Content-Type: application/json
[2020-04-13 16:03:32.342] [D] [HTTP] HTTP 正文内容：{"auto_escape":false,"message":"循环","message_type":"private","user_id":"122742729"}
[2020-04-13 16:03:32.342] [D] [HTTP] 开始执行动作 send_msg
[2020-04-13 16:03:32.561] [D] [HTTP] 动作 send_msg 执行成功
[2020-04-13 16:03:32.562] [D] [HTTP] 响应数据已准备完毕：{"data":{"message_id":71},"retcode":0,"status":"ok"}
[2020-04-13 16:03:32.562] [D] [HTTP] 响应内容已发送
[2020-04-13 16:03:32.562] [I] [HTTP] 已成功处理一个 API 请求：/send_msg/
[2020-04-13 16:03:35.698] [D] [HTTP] 开始通过 HTTP 上报事件
[2020-04-13 16:05:31.144] [D] [HTTP] 收到 HTTP 请求：POST /send_msg/，来源 IP：127.0.0.1
[2020-04-13 16:05:31.145] [D] [HTTP] Content-Type: application/json
[2020-04-13 16:05:31.145] [D] [HTTP] HTTP 正文内容：{"auto_escape":false,"message":"testSenderMsg","message_type":"private","user_id":"122742729"}
[2020-04-13 16:05:31.145] [D] [HTTP] 开始执行动作 send_msg
[2020-04-13 16:05:31.215] [I] [HTTP] 通过 HTTP 上报数据到 http://127.0.0.1:10086/coolq 成功，状态码：200
[2020-04-13 16:05:31.260] [D] [HTTP] 动作 send_msg 执行成功
[2020-04-13 16:05:31.260] [D] [HTTP] 响应数据已准备完毕：{"data":{"message_id":73},"retcode":0,"status":"ok"}
[2020-04-13 16:05:31.261] [D] [HTTP] 响应内容已发送
[2020-04-13 16:05:31.261] [I] [HTTP] 已成功处理一个 API 请求：/send_msg/
[2020-04-13 16:05:31.265] [D] [HTTP] 收到 HTTP 请求：POST /send_msg/，来源 IP：127.0.0.1
[2020-04-13 16:05:31.265] [D] [HTTP] Content-Type: application/json
[2020-04-13 16:05:31.265] [D] [HTTP] HTTP 正文内容：{"auto_escape":false,"message":"循环","message_type":"private","user_id":"122742729"}
[2020-04-13 16:05:31.266] [D] [HTTP] 开始执行动作 send_msg
[2020-04-13 16:05:31.549] [D] [HTTP] 动作 send_msg 执行成功
[2020-04-13 16:05:31.550] [D] [HTTP] 响应数据已准备完毕：{"data":{"message_id":74},"retcode":0,"status":"ok"}
[2020-04-13 16:05:31.550] [D] [HTTP] 响应内容已发送
[2020-04-13 16:05:31.550] [I] [HTTP] 已成功处理一个 API 请求：/send_msg/
[2020-04-13 16:05:31.554] [D] [HTTP] 收到 HTTP 请求：POST /send_msg/，来源 IP：127.0.0.1
[2020-04-13 16:05:31.556] [D] [HTTP] Content-Type: application/json
[2020-04-13 16:05:31.556] [D] [HTTP] HTTP 正文内容：{"auto_escape":false,"message":"循环","message_type":"private","user_id":"122742729"}
[2020-04-13 16:05:31.556] [D] [HTTP] 开始执行动作 send_msg
[2020-04-13 16:05:31.775] [D] [HTTP] 动作 send_msg 执行成功
[2020-04-13 16:05:31.776] [D] [HTTP] 响应数据已准备完毕：{"data":{"message_id":75},"retcode":0,"status":"ok"}
[2020-04-13 16:05:31.776] [D] [HTTP] 响应内容已发送
[2020-04-13 16:05:31.776] [I] [HTTP] 已成功处理一个 API 请求：/send_msg/
[2020-04-13 16:25:48.233] [D] [HTTP] 收到 HTTP 请求：POST /send_msg/，来源 IP：127.0.0.1
[2020-04-13 16:25:48.233] [D] [HTTP] Content-Type: application/json
[2020-04-13 16:25:48.234] [D] [HTTP] HTTP 正文内容：{"auto_escape":false,"message":"testSenderMsg","message_type":"private","user_id":"122742729"}
[2020-04-13 16:25:48.234] [D] [HTTP] 开始执行动作 send_msg
[2020-04-13 16:25:48.348] [D] [HTTP] 动作 send_msg 执行成功
[2020-04-13 16:25:48.349] [D] [HTTP] 响应数据已准备完毕：{"data":{"message_id":76},"retcode":0,"status":"ok"}
[2020-04-13 16:25:48.349] [D] [HTTP] 响应内容已发送
[2020-04-13 16:25:48.349] [I] [HTTP] 已成功处理一个 API 请求：/send_msg/
[2020-04-13 16:25:48.360] [D] [HTTP] 收到 HTTP 请求：POST /send_msg/，来源 IP：127.0.0.1
[2020-04-13 16:25:48.361] [D] [HTTP] Content-Type: application/json
[2020-04-13 16:25:48.361] [D] [HTTP] HTTP 正文内容：{"auto_escape":false,"message":"循环","message_type":"private","user_id":"122742729"}
[2020-04-13 16:25:48.362] [D] [HTTP] 开始执行动作 send_msg
[2020-04-13 16:25:48.577] [D] [HTTP] 动作 send_msg 执行成功
[2020-04-13 16:25:48.577] [D] [HTTP] 响应数据已准备完毕：{"data":{"message_id":77},"retcode":0,"status":"ok"}
[2020-04-13 16:25:48.578] [D] [HTTP] 响应内容已发送
[2020-04-13 16:25:48.578] [I] [HTTP] 已成功处理一个 API 请求：/send_msg/
[2020-04-13 16:25:48.581] [D] [HTTP] 收到 HTTP 请求：POST /send_msg/，来源 IP：127.0.0.1
[2020-04-13 16:25:48.581] [D] [HTTP] Content-Type: application/json
[2020-04-13 16:25:48.581] [D] [HTTP] HTTP 正文内容：{"auto_escape":false,"message":"循环","message_type":"private","user_id":"122742729"}
[2020-04-13 16:25:48.582] [D] [HTTP] 开始执行动作 send_msg
[2020-04-13 16:25:48.763] [D] [HTTP] 动作 send_msg 执行成功
[2020-04-13 16:25:48.763] [D] [HTTP] 响应数据已准备完毕：{"data":{"message_id":78},"retcode":0,"status":"ok"}
[2020-04-13 16:25:48.763] [D] [HTTP] 响应内容已发送
[2020-04-13 16:25:48.764] [I] [HTTP] 已成功处理一个 API 请求：/send_msg/
[2020-04-13 16:25:48.766] [D] [HTTP] 收到 HTTP 请求：POST /send_msg/，来源 IP：127.0.0.1
[2020-04-13 16:25:48.767] [D] [HTTP] Content-Type: application/json
[2020-04-13 16:25:48.767] [D] [HTTP] HTTP 正文内容：{"auto_escape":false,"message":"循环","message_type":"private","user_id":"122742729"}
[2020-04-13 16:25:48.767] [D] [HTTP] 开始执行动作 send_msg
[2020-04-13 16:25:48.970] [D] [HTTP] 动作 send_msg 执行成功
[2020-04-13 16:25:48.971] [D] [HTTP] 响应数据已准备完毕：{"data":{"message_id":79},"retcode":0,"status":"ok"}
[2020-04-13 16:25:48.971] [D] [HTTP] 响应内容已发送
[2020-04-13 16:25:48.971] [I] [HTTP] 已成功处理一个 API 请求：/send_msg/
[2020-04-13 16:25:48.974] [D] [HTTP] 收到 HTTP 请求：POST /send_msg/，来源 IP：127.0.0.1
[2020-04-13 16:25:48.975] [D] [HTTP] Content-Type: application/json
[2020-04-13 16:25:48.975] [D] [HTTP] HTTP 正文内容：{"auto_escape":false,"message":"循环","message_type":"private","user_id":"122742729"}
[2020-04-13 16:25:48.975] [D] [HTTP] 开始执行动作 send_msg
[2020-04-13 16:25:49.145] [D] [HTTP] 动作 send_msg 执行成功
[2020-04-13 16:25:49.145] [D] [HTTP] 响应数据已准备完毕：{"data":{"message_id":80},"retcode":0,"status":"ok"}
[2020-04-13 16:25:49.146] [D] [HTTP] 响应内容已发送
[2020-04-13 16:25:49.146] [I] [HTTP] 已成功处理一个 API 请求：/send_msg/
[2020-04-13 16:25:49.150] [D] [HTTP] 收到 HTTP 请求：POST /send_msg/，来源 IP：127.0.0.1
[2020-04-13 16:25:49.151] [D] [HTTP] Content-Type: application/json
[2020-04-13 16:25:49.151] [D] [HTTP] HTTP 正文内容：{"auto_escape":false,"message":"循环","message_type":"private","user_id":"122742729"}
[2020-04-13 16:25:49.151] [D] [HTTP] 开始执行动作 send_msg
[2020-04-13 16:25:49.370] [D] [HTTP] 动作 send_msg 执行成功
[2020-04-13 16:25:49.371] [D] [HTTP] 响应数据已准备完毕：{"data":{"message_id":81},"retcode":0,"status":"ok"}
[2020-04-13 16:25:49.371] [D] [HTTP] 响应内容已发送
[2020-04-13 16:25:49.372] [I] [HTTP] 已成功处理一个 API 请求：/send_msg/
[2020-04-13 16:26:08.137] [D] [HTTP] 收到 HTTP 请求：POST /send_msg/，来源 IP：127.0.0.1
[2020-04-13 16:26:08.138] [D] [HTTP] Content-Type: application/json
[2020-04-13 16:26:08.139] [D] [HTTP] HTTP 正文内容：{"auto_escape":false,"message":"testSenderMsg","message_type":"private","user_id":"122742729"}
[2020-04-13 16:26:08.140] [D] [HTTP] 开始执行动作 send_msg
[2020-04-13 16:26:08.266] [D] [HTTP] 动作 send_msg 执行成功
[2020-04-13 16:26:08.267] [D] [HTTP] 响应数据已准备完毕：{"data":{"message_id":82},"retcode":0,"status":"ok"}
[2020-04-13 16:26:08.267] [D] [HTTP] 响应内容已发送
[2020-04-13 16:26:08.267] [I] [HTTP] 已成功处理一个 API 请求：/send_msg/
[2020-04-13 16:26:08.271] [D] [HTTP] 收到 HTTP 请求：POST /send_msg/，来源 IP：127.0.0.1
[2020-04-13 16:26:08.271] [D] [HTTP] Content-Type: application/json
[2020-04-13 16:26:08.271] [D] [HTTP] HTTP 正文内容：{"auto_escape":false,"message":"循环","message_type":"private","user_id":"122742729"}
[2020-04-13 16:26:08.272] [D] [HTTP] 开始执行动作 send_msg
[2020-04-13 16:26:08.549] [D] [HTTP] 动作 send_msg 执行成功
[2020-04-13 16:26:08.550] [D] [HTTP] 响应数据已准备完毕：{"data":{"message_id":83},"retcode":0,"status":"ok"}
[2020-04-13 16:26:08.551] [D] [HTTP] 响应内容已发送
[2020-04-13 16:26:08.552] [I] [HTTP] 已成功处理一个 API 请求：/send_msg/
[2020-04-13 16:26:08.555] [D] [HTTP] 收到 HTTP 请求：POST /send_msg/，来源 IP：127.0.0.1
[2020-04-13 16:26:08.555] [D] [HTTP] Content-Type: application/json
[2020-04-13 16:26:08.556] [D] [HTTP] HTTP 正文内容：{"auto_escape":false,"message":"循环","message_type":"private","user_id":"122742729"}
[2020-04-13 16:26:08.556] [D] [HTTP] 开始执行动作 send_msg
[2020-04-13 16:26:08.804] [D] [HTTP] 动作 send_msg 执行成功
[2020-04-13 16:26:08.805] [D] [HTTP] 响应数据已准备完毕：{"data":{"message_id":84},"retcode":0,"status":"ok"}
[2020-04-13 16:26:08.805] [D] [HTTP] 响应内容已发送
[2020-04-13 16:26:08.805] [I] [HTTP] 已成功处理一个 API 请求：/send_msg/
[2020-04-13 16:26:08.809] [D] [HTTP] 收到 HTTP 请求：POST /send_msg/，来源 IP：127.0.0.1
[2020-04-13 16:26:08.809] [D] [HTTP] Content-Type: application/json
[2020-04-13 16:26:08.810] [D] [HTTP] HTTP 正文内容：{"auto_escape":false,"message":"循环","message_type":"private","user_id":"122742729"}
[2020-04-13 16:26:08.811] [D] [HTTP] 开始执行动作 send_msg
[2020-04-13 16:26:09.071] [D] [HTTP] 动作 send_msg 执行成功
[2020-04-13 16:26:09.072] [D] [HTTP] 响应数据已准备完毕：{"data":{"message_id":85},"retcode":0,"status":"ok"}
[2020-04-13 16:26:09.072] [D] [HTTP] 响应内容已发送
[2020-04-13 16:26:09.073] [I] [HTTP] 已成功处理一个 API 请求：/send_msg/
[2020-04-13 16:26:09.076] [D] [HTTP] 收到 HTTP 请求：POST /send_msg/，来源 IP：127.0.0.1
[2020-04-13 16:26:09.076] [D] [HTTP] Content-Type: application/json
[2020-04-13 16:26:09.077] [D] [HTTP] HTTP 正文内容：{"auto_escape":false,"message":"循环","message_type":"private","user_id":"122742729"}
[2020-04-13 16:26:09.077] [D] [HTTP] 开始执行动作 send_msg
[2020-04-13 16:26:09.270] [D] [HTTP] 动作 send_msg 执行成功
[2020-04-13 16:26:09.270] [D] [HTTP] 响应数据已准备完毕：{"data":{"message_id":86},"retcode":0,"status":"ok"}
[2020-04-13 16:26:09.271] [D] [HTTP] 响应内容已发送
[2020-04-13 16:26:09.271] [I] [HTTP] 已成功处理一个 API 请求：/send_msg/
[2020-04-13 16:26:09.274] [D] [HTTP] 收到 HTTP 请求：POST /send_msg/，来源 IP：127.0.0.1
[2020-04-13 16:26:09.275] [D] [HTTP] Content-Type: application/json
[2020-04-13 16:26:09.276] [D] [HTTP] HTTP 正文内容：{"auto_escape":false,"message":"循环","message_type":"private","user_id":"122742729"}
[2020-04-13 16:26:09.278] [D] [HTTP] 开始执行动作 send_msg
[2020-04-13 16:26:09.494] [D] [HTTP] 动作 send_msg 执行成功
[2020-04-13 16:26:09.495] [D] [HTTP] 响应数据已准备完毕：{"data":{"message_id":87},"retcode":0,"status":"ok"}
[2020-04-13 16:26:09.495] [D] [HTTP] 响应内容已发送
[2020-04-13 16:26:09.495] [I] [HTTP] 已成功处理一个 API 请求：/send_msg/
[2020-04-13 16:26:24.412] [D] [HTTP] 收到 HTTP 请求：POST /send_msg/，来源 IP：127.0.0.1
[2020-04-13 16:26:24.412] [D] [HTTP] Content-Type: application/json
[2020-04-13 16:26:24.412] [D] [HTTP] HTTP 正文内容：{"auto_escape":false,"message":"testSenderMsg","message_type":"private","user_id":"122742729"}
[2020-04-13 16:26:24.413] [D] [HTTP] 开始执行动作 send_msg
[2020-04-13 16:26:24.514] [D] [HTTP] 动作 send_msg 执行成功
[2020-04-13 16:26:24.514] [D] [HTTP] 响应数据已准备完毕：{"data":{"message_id":88},"retcode":0,"status":"ok"}
[2020-04-13 16:26:24.515] [D] [HTTP] 响应内容已发送
[2020-04-13 16:26:24.515] [I] [HTTP] 已成功处理一个 API 请求：/send_msg/
[2020-04-13 16:26:24.523] [D] [HTTP] 收到 HTTP 请求：POST /send_msg/，来源 IP：127.0.0.1
[2020-04-13 16:26:24.523] [D] [HTTP] Content-Type: application/json
[2020-04-13 16:26:24.524] [D] [HTTP] HTTP 正文内容：{"auto_escape":false,"message":"循环","message_type":"private","user_id":"122742729"}
[2020-04-13 16:26:24.524] [D] [HTTP] 开始执行动作 send_msg
[2020-04-13 16:26:24.719] [D] [HTTP] 动作 send_msg 执行成功
[2020-04-13 16:26:24.720] [D] [HTTP] 响应数据已准备完毕：{"data":{"message_id":89},"retcode":0,"status":"ok"}
[2020-04-13 16:26:24.720] [D] [HTTP] 响应内容已发送
[2020-04-13 16:26:24.721] [I] [HTTP] 已成功处理一个 API 请求：/send_msg/
[2020-04-13 16:26:24.726] [D] [HTTP] 收到 HTTP 请求：POST /send_msg/，来源 IP：127.0.0.1
[2020-04-13 16:26:24.726] [D] [HTTP] Content-Type: application/json
[2020-04-13 16:26:24.727] [D] [HTTP] HTTP 正文内容：{"auto_escape":false,"message":"循环","message_type":"private","user_id":"122742729"}
[2020-04-13 16:26:24.727] [D] [HTTP] 开始执行动作 send_msg
[2020-04-13 16:26:24.934] [D] [HTTP] 动作 send_msg 执行成功
[2020-04-13 16:26:24.935] [D] [HTTP] 响应数据已准备完毕：{"data":{"message_id":90},"retcode":0,"status":"ok"}
[2020-04-13 16:26:24.935] [D] [HTTP] 响应内容已发送
[2020-04-13 16:26:24.935] [I] [HTTP] 已成功处理一个 API 请求：/send_msg/
[2020-04-13 16:26:24.938] [D] [HTTP] 收到 HTTP 请求：POST /send_msg/，来源 IP：127.0.0.1
[2020-04-13 16:26:24.939] [D] [HTTP] Content-Type: application/json
[2020-04-13 16:26:24.939] [D] [HTTP] HTTP 正文内容：{"auto_escape":false,"message":"循环","message_type":"private","user_id":"122742729"}
[2020-04-13 16:26:24.939] [D] [HTTP] 开始执行动作 send_msg
[2020-04-13 16:26:25.116] [D] [HTTP] 动作 send_msg 执行成功
[2020-04-13 16:26:25.117] [D] [HTTP] 响应数据已准备完毕：{"data":{"message_id":91},"retcode":0,"status":"ok"}
[2020-04-13 16:26:25.117] [D] [HTTP] 响应内容已发送
[2020-04-13 16:26:25.117] [I] [HTTP] 已成功处理一个 API 请求：/send_msg/
[2020-04-13 16:26:25.120] [D] [HTTP] 收到 HTTP 请求：POST /send_msg/，来源 IP：127.0.0.1
[2020-04-13 16:26:25.120] [D] [HTTP] Content-Type: application/json
[2020-04-13 16:26:25.121] [D] [HTTP] HTTP 正文内容：{"auto_escape":false,"message":"循环","message_type":"private","user_id":"122742729"}
[2020-04-13 16:26:25.121] [D] [HTTP] 开始执行动作 send_msg
[2020-04-13 16:26:25.291] [D] [HTTP] 动作 send_msg 执行成功
[2020-04-13 16:26:25.291] [D] [HTTP] 响应数据已准备完毕：{"data":{"message_id":92},"retcode":0,"status":"ok"}
[2020-04-13 16:26:25.291] [D] [HTTP] 响应内容已发送
[2020-04-13 16:26:25.292] [I] [HTTP] 已成功处理一个 API 请求：/send_msg/
[2020-04-13 16:26:25.294] [D] [HTTP] 收到 HTTP 请求：POST /send_msg/，来源 IP：127.0.0.1
[2020-04-13 16:26:25.295] [D] [HTTP] Content-Type: application/json
[2020-04-13 16:26:25.295] [D] [HTTP] HTTP 正文内容：{"auto_escape":false,"message":"循环","message_type":"private","user_id":"122742729"}
[2020-04-13 16:26:25.295] [D] [HTTP] 开始执行动作 send_msg
[2020-04-13 16:26:25.496] [D] [HTTP] 动作 send_msg 执行成功
[2020-04-13 16:26:25.496] [D] [HTTP] 响应数据已准备完毕：{"data":{"message_id":93},"retcode":0,"status":"ok"}
[2020-04-13 16:26:25.496] [D] [HTTP] 响应内容已发送
[2020-04-13 16:26:25.497] [I] [HTTP] 已成功处理一个 API 请求：/send_msg/
[2020-04-13 16:26:44.327] [D] [HTTP] 收到 HTTP 请求：POST /send_msg/，来源 IP：127.0.0.1
[2020-04-13 16:26:44.327] [D] [HTTP] Content-Type: application/json
[2020-04-13 16:26:44.328] [D] [HTTP] HTTP 正文内容：{"auto_escape":false,"message":"testSenderMsg","message_type":"private","user_id":"122742729"}
[2020-04-13 16:26:44.328] [D] [HTTP] 开始执行动作 send_msg
[2020-04-13 16:26:44.434] [D] [HTTP] 动作 send_msg 执行成功
[2020-04-13 16:26:44.435] [D] [HTTP] 响应数据已准备完毕：{"data":{"message_id":94},"retcode":0,"status":"ok"}
[2020-04-13 16:26:44.435] [D] [HTTP] 响应内容已发送
[2020-04-13 16:26:44.436] [I] [HTTP] 已成功处理一个 API 请求：/send_msg/
[2020-04-13 16:26:44.439] [D] [HTTP] 收到 HTTP 请求：POST /send_msg/，来源 IP：127.0.0.1
[2020-04-13 16:26:44.440] [D] [HTTP] Content-Type: application/json
[2020-04-13 16:26:44.440] [D] [HTTP] HTTP 正文内容：{"auto_escape":false,"message":"循环","message_type":"private","user_id":"122742729"}
[2020-04-13 16:26:44.441] [D] [HTTP] 开始执行动作 send_msg
[2020-04-13 16:26:44.628] [D] [HTTP] 动作 send_msg 执行成功
[2020-04-13 16:26:44.629] [D] [HTTP] 响应数据已准备完毕：{"data":{"message_id":95},"retcode":0,"status":"ok"}
[2020-04-13 16:26:44.629] [D] [HTTP] 响应内容已发送
[2020-04-13 16:26:44.629] [I] [HTTP] 已成功处理一个 API 请求：/send_msg/
[2020-04-13 16:26:44.633] [D] [HTTP] 收到 HTTP 请求：POST /send_msg/，来源 IP：127.0.0.1
[2020-04-13 16:26:44.634] [D] [HTTP] Content-Type: application/json
[2020-04-13 16:26:44.635] [D] [HTTP] HTTP 正文内容：{"auto_escape":false,"message":"循环","message_type":"private","user_id":"122742729"}
[2020-04-13 16:26:44.635] [D] [HTTP] 开始执行动作 send_msg
[2020-04-13 16:26:44.824] [D] [HTTP] 动作 send_msg 执行成功
[2020-04-13 16:26:44.825] [D] [HTTP] 响应数据已准备完毕：{"data":{"message_id":96},"retcode":0,"status":"ok"}
[2020-04-13 16:26:44.826] [D] [HTTP] 响应内容已发送
[2020-04-13 16:26:44.828] [I] [HTTP] 已成功处理一个 API 请求：/send_msg/
[2020-04-13 16:26:44.830] [D] [HTTP] 收到 HTTP 请求：POST /send_msg/，来源 IP：127.0.0.1
[2020-04-13 16:26:44.830] [D] [HTTP] Content-Type: application/json
[2020-04-13 16:26:44.831] [D] [HTTP] HTTP 正文内容：{"auto_escape":false,"message":"循环","message_type":"private","user_id":"122742729"}
[2020-04-13 16:26:44.831] [D] [HTTP] 开始执行动作 send_msg
[2020-04-13 16:26:45.029] [D] [HTTP] 动作 send_msg 执行成功
[2020-04-13 16:26:45.029] [D] [HTTP] 响应数据已准备完毕：{"data":{"message_id":97},"retcode":0,"status":"ok"}
[2020-04-13 16:26:45.029] [D] [HTTP] 响应内容已发送
[2020-04-13 16:26:45.029] [I] [HTTP] 已成功处理一个 API 请求：/send_msg/
[2020-04-13 16:26:45.032] [D] [HTTP] 收到 HTTP 请求：POST /send_msg/，来源 IP：127.0.0.1
[2020-04-13 16:26:45.032] [D] [HTTP] Content-Type: application/json
[2020-04-13 16:26:45.033] [D] [HTTP] HTTP 正文内容：{"auto_escape":false,"message":"循环","message_type":"private","user_id":"122742729"}
[2020-04-13 16:26:45.033] [D] [HTTP] 开始执行动作 send_msg
[2020-04-13 16:26:45.213] [D] [HTTP] 动作 send_msg 执行成功
[2020-04-13 16:26:45.214] [D] [HTTP] 响应数据已准备完毕：{"data":{"message_id":98},"retcode":0,"status":"ok"}
[2020-04-13 16:26:45.214] [D] [HTTP] 响应内容已发送
[2020-04-13 16:26:45.214] [I] [HTTP] 已成功处理一个 API 请求：/send_msg/
[2020-04-13 16:26:45.218] [D] [HTTP] 收到 HTTP 请求：POST /send_msg/，来源 IP：127.0.0.1
[2020-04-13 16:26:45.219] [D] [HTTP] Content-Type: application/json
[2020-04-13 16:26:45.219] [D] [HTTP] HTTP 正文内容：{"auto_escape":false,"message":"循环","message_type":"private","user_id":"122742729"}
[2020-04-13 16:26:45.220] [D] [HTTP] 开始执行动作 send_msg
[2020-04-13 16:26:45.407] [D] [HTTP] 动作 send_msg 执行成功
[2020-04-13 16:26:45.407] [D] [HTTP] 响应数据已准备完毕：{"data":{"message_id":99},"retcode":0,"status":"ok"}
[2020-04-13 16:26:45.407] [D] [HTTP] 响应内容已发送
[2020-04-13 16:26:45.408] [I] [HTTP] 已成功处理一个 API 请求：/send_msg/
[2020-04-13 16:27:30.408] [D] [HTTP] 收到 HTTP 请求：POST /send_msg/，来源 IP：127.0.0.1
[2020-04-13 16:27:30.408] [D] [HTTP] Content-Type: application/json
[2020-04-13 16:27:30.408] [D] [HTTP] HTTP 正文内容：{"auto_escape":false,"message":"testSenderMsg","message_type":"private","user_id":"122742729"}
[2020-04-13 16:27:30.409] [D] [HTTP] 开始执行动作 send_msg
[2020-04-13 16:27:30.528] [D] [HTTP] 动作 send_msg 执行成功
[2020-04-13 16:27:30.528] [D] [HTTP] 响应数据已准备完毕：{"data":{"message_id":100},"retcode":0,"status":"ok"}
[2020-04-13 16:27:30.528] [D] [HTTP] 响应内容已发送
[2020-04-13 16:27:30.529] [I] [HTTP] 已成功处理一个 API 请求：/send_msg/
[2020-04-13 16:27:52.663] [D] [HTTP] 收到 HTTP 请求：POST /send_msg/，来源 IP：127.0.0.1
[2020-04-13 16:27:52.664] [D] [HTTP] Content-Type: application/json
[2020-04-13 16:27:52.664] [D] [HTTP] HTTP 正文内容：{"auto_escape":false,"message":"testSenderMsg","message_type":"private","user_id":"122742729"}
[2020-04-13 16:27:52.664] [D] [HTTP] 开始执行动作 send_msg
[2020-04-13 16:27:52.785] [D] [HTTP] 动作 send_msg 执行成功
[2020-04-13 16:27:52.787] [D] [HTTP] 响应数据已准备完毕：{"data":{"message_id":101},"retcode":0,"status":"ok"}
[2020-04-13 16:27:52.787] [D] [HTTP] 响应内容已发送
[2020-04-13 16:27:52.787] [I] [HTTP] 已成功处理一个 API 请求：/send_msg/
[2020-04-13 16:28:12.575] [D] [HTTP] 收到 HTTP 请求：POST /send_msg/，来源 IP：127.0.0.1
[2020-04-13 16:28:12.576] [D] [HTTP] Content-Type: application/json
[2020-04-13 16:28:12.576] [D] [HTTP] HTTP 正文内容：{"auto_escape":false,"message":"testSenderMsg","message_type":"private","user_id":"122742729"}
[2020-04-13 16:28:12.576] [D] [HTTP] 开始执行动作 send_msg
[2020-04-13 16:28:12.693] [D] [HTTP] 动作 send_msg 执行成功
[2020-04-13 16:28:12.693] [D] [HTTP] 响应数据已准备完毕：{"data":{"message_id":102},"retcode":0,"status":"ok"}
[2020-04-13 16:28:12.695] [D] [HTTP] 响应内容已发送
[2020-04-13 16:28:12.696] [I] [HTTP] 已成功处理一个 API 请求：/send_msg/
[2020-04-13 16:36:15.296] [D] [HTTP] 收到 HTTP 请求：POST /send_msg/，来源 IP：127.0.0.1
[2020-04-13 16:36:15.298] [D] [HTTP] Content-Type: application/json
[2020-04-13 16:36:15.298] [D] [HTTP] HTTP 正文内容：{"auto_escape":false,"message":"testSenderMsg2191","message_type":"private","user_id":"122742729"}
[2020-04-13 16:36:15.299] [D] [HTTP] 开始执行动作 send_msg
[2020-04-13 16:36:15.419] [D] [HTTP] 动作 send_msg 执行成功
[2020-04-13 16:36:15.420] [D] [HTTP] 响应数据已准备完毕：{"data":{"message_id":103},"retcode":0,"status":"ok"}
[2020-04-13 16:36:15.420] [D] [HTTP] 响应内容已发送
[2020-04-13 16:36:15.420] [I] [HTTP] 已成功处理一个 API 请求：/send_msg/
[2020-04-13 16:36:35.204] [D] [HTTP] 收到 HTTP 请求：POST /send_msg/，来源 IP：127.0.0.1
[2020-04-13 16:36:35.204] [D] [HTTP] Content-Type: application/json
[2020-04-13 16:36:35.205] [D] [HTTP] HTTP 正文内容：{"auto_escape":false,"message":"testSenderMsg2191","message_type":"private","user_id":"122742729"}
[2020-04-13 16:36:35.205] [D] [HTTP] 开始执行动作 send_msg
[2020-04-13 16:36:35.327] [D] [HTTP] 动作 send_msg 执行成功
[2020-04-13 16:36:35.327] [D] [HTTP] 响应数据已准备完毕：{"data":{"message_id":104},"retcode":0,"status":"ok"}
[2020-04-13 16:36:35.328] [D] [HTTP] 响应内容已发送
[2020-04-13 16:36:35.328] [I] [HTTP] 已成功处理一个 API 请求：/send_msg/
[2020-04-13 16:40:46.395] [D] [HTTP] 收到 HTTP 请求：POST /send_msg/，来源 IP：127.0.0.1
[2020-04-13 16:40:46.395] [D] [HTTP] Content-Type: application/json
[2020-04-13 16:40:46.397] [D] [HTTP] HTTP 正文内容：{"auto_escape":false,"message":"testSenderMsg2209","message_type":"private","user_id":"122742729"}
[2020-04-13 16:40:46.398] [D] [HTTP] 开始执行动作 send_msg
[2020-04-13 16:40:46.530] [D] [HTTP] 动作 send_msg 执行成功
[2020-04-13 16:40:46.531] [D] [HTTP] 响应数据已准备完毕：{"data":{"message_id":105},"retcode":0,"status":"ok"}
[2020-04-13 16:40:46.531] [D] [HTTP] 响应内容已发送
[2020-04-13 16:40:46.531] [I] [HTTP] 已成功处理一个 API 请求：/send_msg/
[2020-04-13 16:41:03.516] [D] [HTTP] 收到 HTTP 请求：POST /send_msg/，来源 IP：127.0.0.1
[2020-04-13 16:41:03.517] [D] [HTTP] Content-Type: application/json
[2020-04-13 16:41:03.517] [D] [HTTP] HTTP 正文内容：{"auto_escape":false,"message":"testSenderMsg2194","message_type":"private","user_id":"122742729"}
[2020-04-13 16:41:03.517] [D] [HTTP] 开始执行动作 send_msg
[2020-04-13 16:41:03.630] [D] [HTTP] 动作 send_msg 执行成功
[2020-04-13 16:41:03.631] [D] [HTTP] 响应数据已准备完毕：{"data":{"message_id":106},"retcode":0,"status":"ok"}
[2020-04-13 16:41:03.631] [D] [HTTP] 响应内容已发送
[2020-04-13 16:41:03.631] [I] [HTTP] 已成功处理一个 API 请求：/send_msg/
[2020-04-13 16:41:23.442] [D] [HTTP] 收到 HTTP 请求：POST /send_msg/，来源 IP：127.0.0.1
[2020-04-13 16:41:23.442] [D] [HTTP] Content-Type: application/json
[2020-04-13 16:41:23.443] [D] [HTTP] HTTP 正文内容：{"auto_escape":false,"message":"testSenderMsg2194","message_type":"private","user_id":"122742729"}
[2020-04-13 16:41:23.443] [D] [HTTP] 开始执行动作 send_msg
[2020-04-13 16:41:23.558] [D] [HTTP] 动作 send_msg 执行成功
[2020-04-13 16:41:23.559] [D] [HTTP] 响应数据已准备完毕：{"data":{"message_id":107},"retcode":0,"status":"ok"}
[2020-04-13 16:41:23.559] [D] [HTTP] 响应内容已发送
[2020-04-13 16:41:23.559] [I] [HTTP] 已成功处理一个 API 请求：/send_msg/
[2020-04-13 17:03:27.664] [D] [HTTP] 开始通过 HTTP 上报事件
[2020-04-13 17:03:29.907] [W] [HTTP] HTTP 上报地址 http://127.0.0.1:10086/coolq 无法访问
[2020-04-13 17:40:38.861] [D] [HTTP] 收到 HTTP 请求：POST /send_msg/，来源 IP：127.0.0.1
[2020-04-13 17:40:38.863] [D] [HTTP] Content-Type: application/json
[2020-04-13 17:40:38.863] [D] [HTTP] HTTP 正文内容：{"auto_escape":false,"message":"testSenderMsg2194","message_type":"private","user_id":"122742729"}
[2020-04-13 17:40:38.864] [D] [HTTP] 开始执行动作 send_msg
[2020-04-13 17:40:39.044] [D] [HTTP] 动作 send_msg 执行成功
[2020-04-13 17:40:39.044] [D] [HTTP] 响应数据已准备完毕：{"data":{"message_id":109},"retcode":0,"status":"ok"}
[2020-04-13 17:40:39.044] [D] [HTTP] 响应内容已发送
[2020-04-13 17:40:39.045] [I] [HTTP] 已成功处理一个 API 请求：/send_msg/
[2020-04-13 17:41:12.859] [D] [HTTP] 收到 HTTP 请求：POST /send_msg/，来源 IP：127.0.0.1
[2020-04-13 17:41:12.859] [D] [HTTP] Content-Type: application/json
[2020-04-13 17:41:12.867] [D] [HTTP] HTTP 正文内容：{"auto_escape":false,"message":"testSenderMsg2194","message_type":"private","user_id":"122742729"}
[2020-04-13 17:41:12.879] [D] [HTTP] 开始执行动作 send_msg
[2020-04-13 17:41:13.185] [D] [HTTP] 动作 send_msg 执行成功
[2020-04-13 17:41:13.185] [D] [HTTP] 响应数据已准备完毕：{"data":{"message_id":110},"retcode":0,"status":"ok"}
[2020-04-13 17:41:13.187] [D] [HTTP] 响应内容已发送
[2020-04-13 17:41:13.188] [I] [HTTP] 已成功处理一个 API 请求：/send_msg/
[2020-04-13 17:41:39.819] [D] [HTTP] 收到 HTTP 请求：POST /send_msg/，来源 IP：127.0.0.1
[2020-04-13 17:41:39.820] [D] [HTTP] Content-Type: application/json
[2020-04-13 17:41:39.821] [D] [HTTP] HTTP 正文内容：{"auto_escape":false,"message":"testSenderMsg2194","message_type":"private","user_id":"122742729"}
[2020-04-13 17:41:39.821] [D] [HTTP] 开始执行动作 send_msg
[2020-04-13 17:41:39.939] [D] [HTTP] 动作 send_msg 执行成功
[2020-04-13 17:41:39.940] [D] [HTTP] 响应数据已准备完毕：{"data":{"message_id":111},"retcode":0,"status":"ok"}
[2020-04-13 17:41:39.940] [D] [HTTP] 响应内容已发送
[2020-04-13 17:41:39.941] [I] [HTTP] 已成功处理一个 API 请求：/send_msg/
[2020-04-13 17:44:04.926] [D] [HTTP] 收到 HTTP 请求：POST /send_msg/，来源 IP：127.0.0.1
[2020-04-13 17:44:04.926] [D] [HTTP] Content-Type: application/json
[2020-04-13 17:44:04.927] [D] [HTTP] HTTP 正文内容：{"auto_escape":false,"message":"testSenderMsg2194","message_type":"private","user_id":"122742729"}
[2020-04-13 17:44:04.927] [D] [HTTP] 开始执行动作 send_msg
[2020-04-13 17:44:05.023] [D] [HTTP] 动作 send_msg 执行成功
[2020-04-13 17:44:05.023] [D] [HTTP] 响应数据已准备完毕：{"data":{"message_id":112},"retcode":0,"status":"ok"}
[2020-04-13 17:44:05.023] [D] [HTTP] 响应内容已发送
[2020-04-13 17:44:05.024] [I] [HTTP] 已成功处理一个 API 请求：/send_msg/
[2020-04-13 17:44:51.226] [D] [HTTP] 收到 HTTP 请求：POST /send_msg/，来源 IP：127.0.0.1
[2020-04-13 17:44:51.226] [D] [HTTP] Content-Type: application/json
[2020-04-13 17:44:51.228] [D] [HTTP] HTTP 正文内容：{"auto_escape":false,"message":"testSenderMsg2194","message_type":"private","user_id":"122742729"}
[2020-04-13 17:44:51.231] [D] [HTTP] 开始执行动作 send_msg
[2020-04-13 17:44:51.352] [D] [HTTP] 动作 send_msg 执行成功
[2020-04-13 17:44:51.352] [D] [HTTP] 响应数据已准备完毕：{"data":{"message_id":113},"retcode":0,"status":"ok"}
[2020-04-13 17:44:51.353] [D] [HTTP] 响应内容已发送
[2020-04-13 17:44:51.353] [I] [HTTP] 已成功处理一个 API 请求：/send_msg/
[2020-04-13 17:45:36.976] [D] [HTTP] 收到 HTTP 请求：POST /send_msg/，来源 IP：127.0.0.1
[2020-04-13 17:45:36.977] [D] [HTTP] Content-Type: application/json
[2020-04-13 17:45:36.977] [D] [HTTP] HTTP 正文内容：{"auto_escape":false,"message":"testSenderMsg2194","message_type":"private","user_id":"122742729"}
[2020-04-13 17:45:36.977] [D] [HTTP] 开始执行动作 send_msg
[2020-04-13 17:45:37.170] [D] [HTTP] 动作 send_msg 执行成功
[2020-04-13 17:45:37.171] [D] [HTTP] 响应数据已准备完毕：{"data":{"message_id":114},"retcode":0,"status":"ok"}
[2020-04-13 17:45:37.172] [D] [HTTP] 响应内容已发送
[2020-04-13 17:45:37.172] [I] [HTTP] 已成功处理一个 API 请求：/send_msg/
[2020-04-13 17:47:32.661] [D] [HTTP] 收到 HTTP 请求：POST /send_msg/，来源 IP：127.0.0.1
[2020-04-13 17:47:32.662] [D] [HTTP] Content-Type: application/json
[2020-04-13 17:47:32.662] [D] [HTTP] HTTP 正文内容：{"auto_escape":false,"message":"testSenderMsg2194","message_type":"private","user_id":"122742729"}
[2020-04-13 17:47:32.664] [D] [HTTP] 开始执行动作 send_msg
[2020-04-13 17:47:32.815] [D] [HTTP] 动作 send_msg 执行成功
[2020-04-13 17:47:32.818] [D] [HTTP] 响应数据已准备完毕：{"data":{"message_id":115},"retcode":0,"status":"ok"}
[2020-04-13 17:47:32.819] [D] [HTTP] 响应内容已发送
[2020-04-13 17:47:32.819] [I] [HTTP] 已成功处理一个 API 请求：/send_msg/
[2020-04-13 17:47:42.873] [D] [HTTP] 收到 HTTP 请求：POST /send_msg/，来源 IP：127.0.0.1
[2020-04-13 17:47:42.874] [D] [HTTP] Content-Type: application/json
[2020-04-13 17:47:42.876] [D] [HTTP] HTTP 正文内容：{"auto_escape":false,"message":"testSenderMsg2194","message_type":"private","user_id":"122742729"}
[2020-04-13 17:47:42.876] [D] [HTTP] 开始执行动作 send_msg
[2020-04-13 17:47:43.077] [D] [HTTP] 动作 send_msg 执行成功
[2020-04-13 17:47:43.078] [D] [HTTP] 响应数据已准备完毕：{"data":{"message_id":116},"retcode":0,"status":"ok"}
[2020-04-13 17:47:43.079] [D] [HTTP] 响应内容已发送
[2020-04-13 17:47:43.080] [I] [HTTP] 已成功处理一个 API 请求：/send_msg/
[2020-04-13 17:48:05.048] [D] [HTTP] 收到 HTTP 请求：POST /send_msg/，来源 IP：127.0.0.1
[2020-04-13 17:48:05.052] [D] [HTTP] Content-Type: application/json
[2020-04-13 17:48:05.059] [D] [HTTP] HTTP 正文内容：{"auto_escape":false,"message":"testSenderMsg2194","message_type":"private","user_id":"122742729"}
[2020-04-13 17:48:05.062] [D] [HTTP] 开始执行动作 send_msg
[2020-04-13 17:48:05.169] [D] [HTTP] 动作 send_msg 执行成功
[2020-04-13 17:48:05.170] [D] [HTTP] 响应数据已准备完毕：{"data":{"message_id":117},"retcode":0,"status":"ok"}
[2020-04-13 17:48:05.170] [D] [HTTP] 响应内容已发送
[2020-04-13 17:48:05.170] [I] [HTTP] 已成功处理一个 API 请求：/send_msg/
[2020-04-13 17:50:28.542] [D] [HTTP] 收到 HTTP 请求：POST /send_msg/，来源 IP：127.0.0.1
[2020-04-13 17:50:28.543] [D] [HTTP] Content-Type: application/json
[2020-04-13 17:50:28.544] [D] [HTTP] HTTP 正文内容：{"auto_escape":false,"message":"testSenderMsg2194","message_type":"private","user_id":"122742729"}
[2020-04-13 17:50:28.544] [D] [HTTP] 开始执行动作 send_msg
[2020-04-13 17:50:28.684] [D] [HTTP] 动作 send_msg 执行成功
[2020-04-13 17:50:28.684] [D] [HTTP] 响应数据已准备完毕：{"data":{"message_id":118},"retcode":0,"status":"ok"}
[2020-04-13 17:50:28.684] [D] [HTTP] 响应内容已发送
[2020-04-13 17:50:28.684] [I] [HTTP] 已成功处理一个 API 请求：/send_msg/
[2020-04-13 17:52:28.027] [D] [HTTP] 收到 HTTP 请求：POST /send_msg/，来源 IP：127.0.0.1
[2020-04-13 17:52:28.028] [D] [HTTP] Content-Type: application/json
[2020-04-13 17:52:28.028] [D] [HTTP] HTTP 正文内容：{"auto_escape":false,"message":"testSenderMsg2194","message_type":"private","user_id":"122742729"}
[2020-04-13 17:52:28.028] [D] [HTTP] 开始执行动作 send_msg
[2020-04-13 17:52:28.226] [D] [HTTP] 动作 send_msg 执行成功
[2020-04-13 17:52:28.227] [D] [HTTP] 响应数据已准备完毕：{"data":{"message_id":119},"retcode":0,"status":"ok"}
[2020-04-13 17:52:28.227] [D] [HTTP] 响应内容已发送
[2020-04-13 17:52:28.228] [I] [HTTP] 已成功处理一个 API 请求：/send_msg/
[2020-04-13 17:53:03.823] [D] [HTTP] 收到 HTTP 请求：POST /send_msg/，来源 IP：127.0.0.1
[2020-04-13 17:53:03.824] [D] [HTTP] Content-Type: application/json
[2020-04-13 17:53:03.824] [D] [HTTP] HTTP 正文内容：{"auto_escape":false,"message":"testSenderMsg2194","message_type":"private","user_id":"122742729"}
[2020-04-13 17:53:03.824] [D] [HTTP] 开始执行动作 send_msg
[2020-04-13 17:53:04.059] [D] [HTTP] 动作 send_msg 执行成功
[2020-04-13 17:53:04.060] [D] [HTTP] 响应数据已准备完毕：{"data":{"message_id":120},"retcode":0,"status":"ok"}
[2020-04-13 17:53:04.060] [D] [HTTP] 响应内容已发送
[2020-04-13 17:53:04.062] [I] [HTTP] 已成功处理一个 API 请求：/send_msg/
[2020-04-13 17:55:42.861] [D] [HTTP] 收到 HTTP 请求：POST /send_msg/，来源 IP：127.0.0.1
[2020-04-13 17:55:42.862] [D] [HTTP] Content-Type: application/json
[2020-04-13 17:55:42.862] [D] [HTTP] HTTP 正文内容：{"auto_escape":false,"message":"testSenderMsg2194","message_type":"private","user_id":"122742729"}
[2020-04-13 17:55:42.862] [D] [HTTP] 开始执行动作 send_msg
[2020-04-13 17:55:42.982] [D] [HTTP] 动作 send_msg 执行成功
[2020-04-13 17:55:42.982] [D] [HTTP] 响应数据已准备完毕：{"data":{"message_id":121},"retcode":0,"status":"ok"}
[2020-04-13 17:55:42.984] [D] [HTTP] 响应内容已发送
[2020-04-13 17:55:42.984] [I] [HTTP] 已成功处理一个 API 请求：/send_msg/
[2020-04-13 17:57:12.128] [D] [HTTP] 收到 HTTP 请求：POST /send_msg/，来源 IP：127.0.0.1
[2020-04-13 17:57:12.129] [D] [HTTP] Content-Type: application/json
[2020-04-13 17:57:12.129] [D] [HTTP] HTTP 正文内容：{"auto_escape":false,"message":"testSenderMsg2194","message_type":"private","user_id":"122742729"}
[2020-04-13 17:57:12.129] [D] [HTTP] 开始执行动作 send_msg
[2020-04-13 17:57:12.294] [D] [HTTP] 动作 send_msg 执行成功
[2020-04-13 17:57:12.294] [D] [HTTP] 响应数据已准备完毕：{"data":{"message_id":122},"retcode":0,"status":"ok"}
[2020-04-13 17:57:12.295] [D] [HTTP] 响应内容已发送
[2020-04-13 17:57:12.295] [I] [HTTP] 已成功处理一个 API 请求：/send_msg/
[2020-04-13 17:59:20.591] [D] [HTTP] 收到 HTTP 请求：POST /send_msg/，来源 IP：127.0.0.1
[2020-04-13 17:59:20.592] [D] [HTTP] Content-Type: application/json
[2020-04-13 17:59:20.594] [D] [HTTP] HTTP 正文内容：{"auto_escape":false,"message":"testSenderMsg2194","message_type":"private","user_id":"122742729"}
[2020-04-13 17:59:20.594] [D] [HTTP] 开始执行动作 send_msg
[2020-04-13 17:59:20.731] [D] [HTTP] 动作 send_msg 执行成功
[2020-04-13 17:59:20.731] [D] [HTTP] 响应数据已准备完毕：{"data":{"message_id":123},"retcode":0,"status":"ok"}
[2020-04-13 17:59:20.732] [D] [HTTP] 响应内容已发送
[2020-04-13 17:59:20.732] [I] [HTTP] 已成功处理一个 API 请求：/send_msg/
[2020-04-13 17:59:41.928] [D] [HTTP] 收到 HTTP 请求：POST /send_msg/，来源 IP：127.0.0.1
[2020-04-13 17:59:41.929] [D] [HTTP] Content-Type: application/json
[2020-04-13 17:59:41.929] [D] [HTTP] HTTP 正文内容：{"auto_escape":false,"message":"testSenderMsg2194","message_type":"private","user_id":"122742729"}
[2020-04-13 17:59:41.930] [D] [HTTP] 开始执行动作 send_msg
[2020-04-13 17:59:42.095] [D] [HTTP] 动作 send_msg 执行成功
[2020-04-13 17:59:42.096] [D] [HTTP] 响应数据已准备完毕：{"data":{"message_id":124},"retcode":0,"status":"ok"}
[2020-04-13 17:59:42.096] [D] [HTTP] 响应内容已发送
[2020-04-13 17:59:42.096] [I] [HTTP] 已成功处理一个 API 请求：/send_msg/
[2020-04-13 18:00:10.931] [D] [HTTP] 收到 HTTP 请求：POST /send_msg/，来源 IP：127.0.0.1
[2020-04-13 18:00:10.934] [D] [HTTP] Content-Type: application/json
[2020-04-13 18:00:10.934] [D] [HTTP] HTTP 正文内容：{"auto_escape":false,"message":"testSenderMsg2194","message_type":"private","user_id":"122742729"}
[2020-04-13 18:00:10.936] [D] [HTTP] 开始执行动作 send_msg
[2020-04-13 18:00:11.256] [D] [HTTP] 动作 send_msg 执行成功
[2020-04-13 18:00:11.267] [D] [HTTP] 响应数据已准备完毕：{"data":{"message_id":125},"retcode":0,"status":"ok"}
[2020-04-13 18:00:11.268] [D] [HTTP] 响应内容已发送
[2020-04-13 18:00:11.268] [I] [HTTP] 已成功处理一个 API 请求：/send_msg/
[2020-04-13 18:01:27.919] [D] [HTTP] 收到 HTTP 请求：POST /send_msg/，来源 IP：127.0.0.1
[2020-04-13 18:01:27.919] [D] [HTTP] Content-Type: application/json
[2020-04-13 18:01:27.920] [D] [HTTP] HTTP 正文内容：{"auto_escape":false,"message":"testSenderMsg2194","message_type":"private","user_id":"122742729"}
[2020-04-13 18:01:27.920] [D] [HTTP] 开始执行动作 send_msg
[2020-04-13 18:01:28.257] [D] [HTTP] 动作 send_msg 执行成功
[2020-04-13 18:01:28.260] [D] [HTTP] 响应数据已准备完毕：{"data":{"message_id":126},"retcode":0,"status":"ok"}
[2020-04-13 18:01:28.260] [D] [HTTP] 响应内容已发送
[2020-04-13 18:01:28.261] [I] [HTTP] 已成功处理一个 API 请求：/send_msg/
[2020-04-13 18:01:54.253] [D] [HTTP] 收到 HTTP 请求：POST /send_msg/，来源 IP：127.0.0.1
[2020-04-13 18:01:54.254] [D] [HTTP] Content-Type: application/json
[2020-04-13 18:01:54.254] [D] [HTTP] HTTP 正文内容：{"auto_escape":false,"message":"testSenderMsg2194","message_type":"private","user_id":"122742729"}
[2020-04-13 18:01:54.254] [D] [HTTP] 开始执行动作 send_msg
[2020-04-13 18:01:54.463] [D] [HTTP] 动作 send_msg 执行成功
[2020-04-13 18:01:54.465] [D] [HTTP] 响应数据已准备完毕：{"data":{"message_id":127},"retcode":0,"status":"ok"}
[2020-04-13 18:01:54.466] [D] [HTTP] 响应内容已发送
[2020-04-13 18:01:54.467] [I] [HTTP] 已成功处理一个 API 请求：/send_msg/
[2020-04-13 18:02:14.850] [D] [HTTP] 收到 HTTP 请求：POST /send_msg/，来源 IP：127.0.0.1
[2020-04-13 18:02:14.851] [D] [HTTP] Content-Type: application/json
[2020-04-13 18:02:14.852] [D] [HTTP] HTTP 正文内容：{"auto_escape":false,"message":"testSenderMsg2194","message_type":"private","user_id":"122742729"}
[2020-04-13 18:02:14.852] [D] [HTTP] 开始执行动作 send_msg
[2020-04-13 18:02:15.108] [D] [HTTP] 动作 send_msg 执行成功
[2020-04-13 18:02:15.108] [D] [HTTP] 响应数据已准备完毕：{"data":{"message_id":128},"retcode":0,"status":"ok"}
[2020-04-13 18:02:15.108] [D] [HTTP] 响应内容已发送
[2020-04-13 18:02:15.108] [I] [HTTP] 已成功处理一个 API 请求：/send_msg/
[2020-04-13 18:04:33.888] [D] [HTTP] 收到 HTTP 请求：POST /send_msg/，来源 IP：127.0.0.1
[2020-04-13 18:04:33.889] [D] [HTTP] Content-Type: application/json
[2020-04-13 18:04:33.889] [D] [HTTP] HTTP 正文内容：{"auto_escape":false,"message":"testSenderMsg2194","message_type":"private","user_id":"122742729"}
[2020-04-13 18:04:33.889] [D] [HTTP] 开始执行动作 send_msg
[2020-04-13 18:04:34.062] [D] [HTTP] 动作 send_msg 执行成功
[2020-04-13 18:04:34.063] [D] [HTTP] 响应数据已准备完毕：{"data":{"message_id":129},"retcode":0,"status":"ok"}
[2020-04-13 18:04:34.063] [D] [HTTP] 响应内容已发送
[2020-04-13 18:04:34.063] [I] [HTTP] 已成功处理一个 API 请求：/send_msg/
[2020-04-13 19:46:29.773] [D] [HTTP] 收到 HTTP 请求：POST /send_msg/，来源 IP：127.0.0.1
[2020-04-13 19:46:29.775] [D] [HTTP] Content-Type: application/json
[2020-04-13 19:46:29.775] [D] [HTTP] HTTP 正文内容：{"auto_escape":false,"message":"testSenderMsg2194","message_type":"private","user_id":"122742729"}
[2020-04-13 19:46:29.777] [D] [HTTP] 开始执行动作 send_msg
[2020-04-13 19:46:29.907] [D] [HTTP] 动作 send_msg 执行成功
[2020-04-13 19:46:29.907] [D] [HTTP] 响应数据已准备完毕：{"data":{"message_id":130},"retcode":0,"status":"ok"}
[2020-04-13 19:46:29.908] [D] [HTTP] 响应内容已发送
[2020-04-13 19:46:29.908] [I] [HTTP] 已成功处理一个 API 请求：/send_msg/
[2020-04-13 19:46:53.106] [D] [HTTP] 收到 HTTP 请求：POST /send_msg/，来源 IP：127.0.0.1
[2020-04-13 19:46:53.106] [D] [HTTP] Content-Type: application/json
[2020-04-13 19:46:53.107] [D] [HTTP] HTTP 正文内容：{"auto_escape":false,"message":"testSenderMsg2194","message_type":"private","user_id":"122742729"}
[2020-04-13 19:46:53.107] [D] [HTTP] 开始执行动作 send_msg
[2020-04-13 19:46:53.392] [D] [HTTP] 动作 send_msg 执行成功
[2020-04-13 19:46:53.392] [D] [HTTP] 响应数据已准备完毕：{"data":{"message_id":131},"retcode":0,"status":"ok"}
[2020-04-13 19:46:53.392] [D] [HTTP] 响应内容已发送
[2020-04-13 19:46:53.393] [I] [HTTP] 已成功处理一个 API 请求：/send_msg/
[2020-04-13 19:49:26.167] [D] [HTTP] 收到 HTTP 请求：POST /send_msg/，来源 IP：127.0.0.1
[2020-04-13 19:49:26.168] [D] [HTTP] Content-Type: application/json
[2020-04-13 19:49:26.169] [D] [HTTP] HTTP 正文内容：{"auto_escape":false,"message":"testSenderMsg2194","message_type":"private","user_id":"122742729"}
[2020-04-13 19:49:26.169] [D] [HTTP] 开始执行动作 send_msg
[2020-04-13 19:49:26.322] [D] [HTTP] 动作 send_msg 执行成功
[2020-04-13 19:49:26.323] [D] [HTTP] 响应数据已准备完毕：{"data":{"message_id":132},"retcode":0,"status":"ok"}
[2020-04-13 19:49:26.323] [D] [HTTP] 响应内容已发送
[2020-04-13 19:49:26.323] [I] [HTTP] 已成功处理一个 API 请求：/send_msg/
[2020-04-13 19:49:52.977] [D] [HTTP] 收到 HTTP 请求：POST /send_msg/，来源 IP：127.0.0.1
[2020-04-13 19:49:52.988] [D] [HTTP] Content-Type: application/json
[2020-04-13 19:49:52.990] [D] [HTTP] HTTP 正文内容：{"auto_escape":false,"message":"testSenderMsg2194","message_type":"private","user_id":"122742729"}
[2020-04-13 19:49:52.992] [D] [HTTP] 开始执行动作 send_msg
[2020-04-13 19:49:53.138] [D] [HTTP] 动作 send_msg 执行成功
[2020-04-13 19:49:53.138] [D] [HTTP] 响应数据已准备完毕：{"data":{"message_id":133},"retcode":0,"status":"ok"}
[2020-04-13 19:49:53.138] [D] [HTTP] 响应内容已发送
[2020-04-13 19:49:53.139] [I] [HTTP] 已成功处理一个 API 请求：/send_msg/
[2020-04-13 19:50:02.149] [D] [HTTP] 收到 HTTP 请求：POST /send_msg/，来源 IP：127.0.0.1
[2020-04-13 19:50:02.150] [D] [HTTP] Content-Type: application/json
[2020-04-13 19:50:02.150] [D] [HTTP] HTTP 正文内容：{"auto_escape":false,"message":"testSenderMsg2194","message_type":"private","user_id":"122742729"}
[2020-04-13 19:50:02.150] [D] [HTTP] 开始执行动作 send_msg
[2020-04-13 19:50:02.337] [D] [HTTP] 动作 send_msg 执行成功
[2020-04-13 19:50:02.337] [D] [HTTP] 响应数据已准备完毕：{"data":{"message_id":134},"retcode":0,"status":"ok"}
[2020-04-13 19:50:02.337] [D] [HTTP] 响应内容已发送
[2020-04-13 19:50:02.337] [I] [HTTP] 已成功处理一个 API 请求：/send_msg/
[2020-04-13 19:50:52.966] [D] [HTTP] 收到 HTTP 请求：POST /send_msg/，来源 IP：127.0.0.1
[2020-04-13 19:50:52.966] [D] [HTTP] Content-Type: application/json
[2020-04-13 19:50:52.967] [D] [HTTP] HTTP 正文内容：{"auto_escape":false,"message":"testSenderMsg2194","message_type":"private","user_id":"122742729"}
[2020-04-13 19:50:52.967] [D] [HTTP] 开始执行动作 send_msg
[2020-04-13 19:50:53.103] [D] [HTTP] 动作 send_msg 执行成功
[2020-04-13 19:50:53.104] [D] [HTTP] 响应数据已准备完毕：{"data":{"message_id":135},"retcode":0,"status":"ok"}
[2020-04-13 19:50:53.104] [D] [HTTP] 响应内容已发送
[2020-04-13 19:50:53.104] [I] [HTTP] 已成功处理一个 API 请求：/send_msg/
[2020-04-13 20:08:04.926] [D] [HTTP] 收到 HTTP 请求：POST /send_msg/，来源 IP：127.0.0.1
[2020-04-13 20:08:04.926] [D] [HTTP] Content-Type: application/json
[2020-04-13 20:08:04.931] [D] [HTTP] HTTP 正文内容：{"auto_escape":false,"message":"亲爱的zxx,今天是我们在一起的第2194天，新的一天也要加油哦。(づ￣ 3￣)づ\n早上好，今日祁阳天气:多云, 东风, 最低气温:12°C,最高气温:22°C,空气好，可以外出活动，除极少数对污染物特别敏感的人群以外，对公众没有危害！。 ","message_type":"private","user_id":"122742729"}
[2020-04-13 20:08:04.931] [D] [HTTP] 开始执行动作 send_msg
[2020-04-13 20:08:05.035] [D] [HTTP] 动作 send_msg 执行成功
[2020-04-13 20:08:05.035] [D] [HTTP] 响应数据已准备完毕：{"data":{"message_id":136},"retcode":0,"status":"ok"}
[2020-04-13 20:08:05.036] [D] [HTTP] 响应内容已发送
[2020-04-13 20:08:05.036] [I] [HTTP] 已成功处理一个 API 请求：/send_msg/
[2020-04-13 20:08:24.014] [D] [HTTP] 收到 HTTP 请求：POST /send_msg/，来源 IP：127.0.0.1
[2020-04-13 20:08:24.014] [D] [HTTP] Content-Type: application/json
[2020-04-13 20:08:24.014] [D] [HTTP] HTTP 正文内容：{"auto_escape":false,"message":"亲爱的zxx,今天是我们在一起的第2194天，新的一天也要加油哦。(づ￣ 3￣)づ\n早上好，今日祁阳天气:多云, 东风, 最低气温:12°C,最高气温:22°C,空气好，可以外出活动，除极少数对污染物特别敏感的人群以外，对公众没有危害！。 亲爱的zxx,今天是我们在一起的第2194天，新的一天也要加油哦。(づ￣ 3￣)づ\n早上好，今日祁阳天气:多云, 东风, 最低气温:12°C,最高气温:22°C,空气好，可以外出活动，除极少数对污染物特别敏感的人群以外，对公众没有危害！。 ","message_type":"private","user_id":"122742729"}
[2020-04-13 20:08:24.015] [D] [HTTP] 开始执行动作 send_msg
[2020-04-13 20:08:24.270] [D] [HTTP] 动作 send_msg 执行成功
[2020-04-13 20:08:24.270] [D] [HTTP] 响应数据已准备完毕：{"data":{"message_id":137},"retcode":0,"status":"ok"}
[2020-04-13 20:08:24.270] [D] [HTTP] 响应内容已发送
[2020-04-13 20:08:24.271] [I] [HTTP] 已成功处理一个 API 请求：/send_msg/
[2020-04-13 20:09:00.341] [D] [HTTP] 收到 HTTP 请求：POST /send_msg/，来源 IP：127.0.0.1
[2020-04-13 20:09:00.342] [D] [HTTP] Content-Type: application/json
[2020-04-13 20:09:00.342] [D] [HTTP] HTTP 正文内容：{"auto_escape":false,"message":"亲爱的zxx,今天是我们在一起的第2194天，新的一天也要加油哦。(づ￣ 3￣)づ\n早上好，今日祁阳天气:多云,东风,最低气温:12°C,最高气温:22°C,空气好，可以外出活动，除极少数对污染物特别敏感的人群以外，对公众没有危害！","message_type":"private","user_id":"122742729"}
[2020-04-13 20:09:00.344] [D] [HTTP] 开始执行动作 send_msg
[2020-04-13 20:09:00.466] [D] [HTTP] 动作 send_msg 执行成功
[2020-04-13 20:09:00.467] [D] [HTTP] 响应数据已准备完毕：{"data":{"message_id":138},"retcode":0,"status":"ok"}
[2020-04-13 20:09:00.467] [D] [HTTP] 响应内容已发送
[2020-04-13 20:09:00.467] [I] [HTTP] 已成功处理一个 API 请求：/send_msg/
[2020-04-13 20:09:19.362] [D] [HTTP] 收到 HTTP 请求：POST /send_msg/，来源 IP：127.0.0.1
[2020-04-13 20:09:19.363] [D] [HTTP] Content-Type: application/json
[2020-04-13 20:09:19.363] [D] [HTTP] HTTP 正文内容：{"auto_escape":false,"message":"亲爱的zxx,今天是我们在一起的第2194天，新的一天也要加油哦。(づ￣ 3￣)づ\n早上好，今日祁阳天气:多云,东风,最低气温:12°C,最高气温:22°C,空气好，可以外出活动，除极少数对污染物特别敏感的人群以外，对公众没有危害！亲爱的zxx,今天是我们在一起的第2194天，新的一天也要加油哦。(づ￣ 3￣)づ\n早上好，今日祁阳天气:多云,东风,最低气温:12°C,最高气温:22°C,空气好，可以外出活动，除极少数对污染物特别敏感的人群以外，对公众没有危害！","message_type":"private","user_id":"122742729"}
[2020-04-13 20:09:19.363] [D] [HTTP] 开始执行动作 send_msg
[2020-04-13 20:09:19.564] [D] [HTTP] 动作 send_msg 执行成功
[2020-04-13 20:09:19.565] [D] [HTTP] 响应数据已准备完毕：{"data":{"message_id":139},"retcode":0,"status":"ok"}
[2020-04-13 20:09:19.565] [D] [HTTP] 响应内容已发送
[2020-04-13 20:09:19.565] [I] [HTTP] 已成功处理一个 API 请求：/send_msg/
[2020-04-13 20:10:41.032] [D] [HTTP] 收到 HTTP 请求：POST /send_msg/，来源 IP：127.0.0.1
[2020-04-13 20:10:41.032] [D] [HTTP] Content-Type: application/json
[2020-04-13 20:10:41.032] [D] [HTTP] HTTP 正文内容：{"auto_escape":false,"message":"亲爱的zxx,今天是我们在一起的第2194天，新的一天也要加油哦。(づ￣ 3￣)づ\n早上好,今日祁阳天气:多云,东风,最低气温:12°C,最高气温:22°C,空气好，可以外出活动，除极少数对污染物特别敏感的人群以外，对公众没有危害！","message_type":"private","user_id":"122742729"}
[2020-04-13 20:10:41.033] [D] [HTTP] 开始执行动作 send_msg
[2020-04-13 20:10:41.158] [D] [HTTP] 动作 send_msg 执行成功
[2020-04-13 20:10:41.159] [D] [HTTP] 响应数据已准备完毕：{"data":{"message_id":140},"retcode":0,"status":"ok"}
[2020-04-13 20:10:41.160] [D] [HTTP] 响应内容已发送
[2020-04-13 20:10:41.160] [I] [HTTP] 已成功处理一个 API 请求：/send_msg/
[2020-04-13 20:10:47.586] [D] [HTTP] 开始通过 HTTP 上报事件
[2020-04-13 20:15:02.763] [D] [HTTP] 收到 HTTP 请求：POST /send_msg/，来源 IP：127.0.0.1
[2020-04-13 20:15:02.763] [D] [HTTP] Content-Type: application/json
[2020-04-13 20:15:02.763] [D] [HTTP] HTTP 正文内容：{"auto_escape":false,"message":"亲爱的zxx,今天是我们在一起的第2194天，新的一天也要加油哦。(づ￣ 3￣)づ\n早上好,今日祁阳天气:多云,东风,最低气温:12°C,最高气温:22°C,空气好，可以外出活动，除极少数对污染物特别敏感的人群以外，对公众没有危害！亲爱的zxx,今天是我们在一起的第2194天，新的一天也要加油哦。(づ￣ 3￣)づ\n早上好,今日祁阳天气:多云,东风,最低气温:12°C,最高气温:22°C,空气好，可以外出活动，除极少数对污染物特别敏感的人群以外，对公众没有危害！","message_type":"private","user_id":"122742729"}
[2020-04-13 20:15:02.764] [D] [HTTP] 开始执行动作 send_msg
[2020-04-13 20:15:02.935] [I] [HTTP] 通过 HTTP 上报数据到 http://127.0.0.1:10086/coolq 成功，状态码：200
[2020-04-13 20:15:03.027] [D] [HTTP] 动作 send_msg 执行成功
[2020-04-13 20:15:03.029] [D] [HTTP] 响应数据已准备完毕：{"data":{"message_id":142},"retcode":0,"status":"ok"}
[2020-04-13 20:15:03.030] [D] [HTTP] 响应内容已发送
[2020-04-13 20:15:03.030] [I] [HTTP] 已成功处理一个 API 请求：/send_msg/
[2020-04-13 20:15:10.752] [D] [HTTP] 收到 HTTP 请求：POST /send_msg/，来源 IP：127.0.0.1
[2020-04-13 20:15:10.752] [D] [HTTP] Content-Type: application/json
[2020-04-13 20:15:10.753] [D] [HTTP] HTTP 正文内容：{"auto_escape":false,"message":"亲爱的zxx,今天是我们在一起的第2194天，新的一天也要加油哦。(づ￣ 3￣)づ\n早上好,今日祁阳天气:多云,东风,最低气温:12°C,最高气温:22°C,空气好，可以外出活动，除极少数对污染物特别敏感的人群以外，对公众没有危害！","message_type":"private","user_id":"122742729"}
[2020-04-13 20:15:10.753] [D] [HTTP] 开始执行动作 send_msg
[2020-04-13 20:15:10.888] [D] [HTTP] 动作 send_msg 执行成功
[2020-04-13 20:15:10.889] [D] [HTTP] 响应数据已准备完毕：{"data":{"message_id":143},"retcode":0,"status":"ok"}
[2020-04-13 20:15:10.889] [D] [HTTP] 响应内容已发送
[2020-04-13 20:15:10.890] [I] [HTTP] 已成功处理一个 API 请求：/send_msg/
[2020-04-13 20:15:14.404] [D] [HTTP] 开始通过 HTTP 上报事件
[2020-04-13 20:15:14.613] [W] [HTTP] 通过 HTTP 上报数据到 http://127.0.0.1:10086/coolq 失败，状态码：500
[2020-04-13 20:15:29.972] [D] [HTTP] 收到 HTTP 请求：POST /send_msg/，来源 IP：127.0.0.1
[2020-04-13 20:15:29.973] [D] [HTTP] Content-Type: application/json
[2020-04-13 20:15:29.974] [D] [HTTP] HTTP 正文内容：{"auto_escape":false,"message":"亲爱的zxx,今天是我们在一起的第2194天，新的一天也要加油哦。(づ￣ 3￣)づ\n早上好,今日祁阳天气:多云,东风,最低气温:12°C,最高气温:22°C,空气好，可以外出活动，除极少数对污染物特别敏感的人群以外，对公众没有危害！亲爱的zxx,今天是我们在一起的第2194天，新的一天也要加油哦。(づ￣ 3￣)づ\n早上好,今日祁阳天气:多云,东风,最低气温:12°C,最高气温:22°C,空气好，可以外出活动，除极少数对污染物特别敏感的人群以外，对公众没有危害！","message_type":"private","user_id":"122742729"}
[2020-04-13 20:15:29.974] [D] [HTTP] 开始执行动作 send_msg
[2020-04-13 20:15:30.161] [D] [HTTP] 动作 send_msg 执行成功
[2020-04-13 20:15:30.162] [D] [HTTP] 响应数据已准备完毕：{"data":{"message_id":145},"retcode":0,"status":"ok"}
[2020-04-13 20:15:30.162] [D] [HTTP] 响应内容已发送
[2020-04-13 20:15:30.164] [I] [HTTP] 已成功处理一个 API 请求：/send_msg/
[2020-04-13 20:15:53.050] [D] [HTTP] 收到 HTTP 请求：POST /send_msg/，来源 IP：127.0.0.1
[2020-04-13 20:15:53.050] [D] [HTTP] Content-Type: application/json
[2020-04-13 20:15:53.051] [D] [HTTP] HTTP 正文内容：{"auto_escape":false,"message":"亲爱的zxx,今天是我们在一起的第2194天，新的一天也要加油哦。(づ￣ 3￣)づ\n早上好,今日祁阳天气:多云,东风,最低气温:12°C,最高气温:22°C,空气好，可以外出活动，除极少数对污染物特别敏感的人群以外，对公众没有危害！","message_type":"private","user_id":"122742729"}
[2020-04-13 20:15:53.051] [D] [HTTP] 开始执行动作 send_msg
[2020-04-13 20:15:53.158] [D] [HTTP] 动作 send_msg 执行成功
[2020-04-13 20:15:53.159] [D] [HTTP] 响应数据已准备完毕：{"data":{"message_id":146},"retcode":0,"status":"ok"}
[2020-04-13 20:15:53.159] [D] [HTTP] 响应内容已发送
[2020-04-13 20:15:53.160] [I] [HTTP] 已成功处理一个 API 请求：/send_msg/
[2020-04-13 20:15:54.611] [D] [HTTP] 开始通过 HTTP 上报事件
[2020-04-13 20:15:54.712] [D] [HTTP] 收到 HTTP 请求：POST /send_msg/，来源 IP：127.0.0.1
[2020-04-13 20:15:54.712] [D] [HTTP] Content-Type: application/json
[2020-04-13 20:15:54.713] [D] [HTTP] HTTP 正文内容：{"auto_escape":false,"message":"我已经收到你发来的消息:1\n不过我暂时还不知道怎么回答你。程序猿小哥哥还在努力完善中。。。","message_type":"private","user_id":"122742729"}
[2020-04-13 20:15:54.713] [D] [HTTP] 开始执行动作 send_msg
[2020-04-13 20:15:54.827] [D] [HTTP] 动作 send_msg 执行成功
[2020-04-13 20:15:54.827] [D] [HTTP] 响应数据已准备完毕：{"data":{"message_id":148},"retcode":0,"status":"ok"}
[2020-04-13 20:15:54.827] [D] [HTTP] 响应内容已发送
[2020-04-13 20:15:54.828] [I] [HTTP] 已成功处理一个 API 请求：/send_msg/
[2020-04-13 20:15:54.842] [I] [HTTP] 通过 HTTP 上报数据到 http://127.0.0.1:10086/coolq 成功，状态码：200
[2020-04-13 20:16:12.594] [D] [HTTP] 收到 HTTP 请求：POST /send_msg/，来源 IP：127.0.0.1
[2020-04-13 20:16:12.594] [D] [HTTP] Content-Type: application/json
[2020-04-13 20:16:12.595] [D] [HTTP] HTTP 正文内容：{"auto_escape":false,"message":"亲爱的zxx,今天是我们在一起的第2194天，新的一天也要加油哦。(づ￣ 3￣)づ\n早上好,今日祁阳天气:多云,东风,最低气温:12°C,最高气温:22°C,空气好，可以外出活动，除极少数对污染物特别敏感的人群以外，对公众没有危害！亲爱的zxx,今天是我们在一起的第2194天，新的一天也要加油哦。(づ￣ 3￣)づ\n早上好,今日祁阳天气:多云,东风,最低气温:12°C,最高气温:22°C,空气好，可以外出活动，除极少数对污染物特别敏感的人群以外，对公众没有危害！","message_type":"private","user_id":"122742729"}
[2020-04-13 20:16:12.595] [D] [HTTP] 开始执行动作 send_msg
[2020-04-13 20:16:13.066] [D] [HTTP] 动作 send_msg 执行成功
[2020-04-13 20:16:13.067] [D] [HTTP] 响应数据已准备完毕：{"data":{"message_id":149},"retcode":0,"status":"ok"}
[2020-04-13 20:16:13.068] [D] [HTTP] 响应内容已发送
[2020-04-13 20:16:13.068] [I] [HTTP] 已成功处理一个 API 请求：/send_msg/
[2020-04-13 20:16:32.310] [D] [HTTP] 收到 HTTP 请求：POST /send_msg/，来源 IP：127.0.0.1
[2020-04-13 20:16:32.311] [D] [HTTP] Content-Type: application/json
[2020-04-13 20:16:32.311] [D] [HTTP] HTTP 正文内容：{"auto_escape":false,"message":"亲爱的zxx,今天是我们在一起的第2194天，新的一天也要加油哦。(づ￣ 3￣)づ\n早上好,今日祁阳天气:多云,东风,最低气温:12°C,最高气温:22°C,空气好，可以外出活动，除极少数对污染物特别敏感的人群以外，对公众没有危害！亲爱的zxx,今天是我们在一起的第2194天，新的一天也要加油哦。(づ￣ 3￣)づ\n早上好,今日祁阳天气:多云,东风,最低气温:12°C,最高气温:22°C,空气好，可以外出活动，除极少数对污染物特别敏感的人群以外，对公众没有危害！亲爱的zxx,今天是我们在一起的第2194天，新的一天也要加油哦。(づ￣ 3￣)づ\n早上好,今日祁阳天气:多云,东风,最低气温:12°C,最高气温:22°C,空气好，可以外出活动，除极少数对污染物特别敏感的人群以外，对公众没有危害！","message_type":"private","user_id":"122742729"}
[2020-04-13 20:16:32.311] [D] [HTTP] 开始执行动作 send_msg
[2020-04-13 20:16:32.525] [D] [HTTP] 动作 send_msg 执行成功
[2020-04-13 20:16:32.525] [D] [HTTP] 响应数据已准备完毕：{"data":{"message_id":150},"retcode":0,"status":"ok"}
[2020-04-13 20:16:32.526] [D] [HTTP] 响应内容已发送
[2020-04-13 20:16:32.526] [I] [HTTP] 已成功处理一个 API 请求：/send_msg/
[2020-04-13 20:26:51.533] [D] [HTTP] 开始通过 HTTP 上报事件
[2020-04-13 20:26:51.770] [D] [HTTP] 收到 HTTP 请求：POST /send_msg/，来源 IP：127.0.0.1
[2020-04-13 20:26:51.770] [D] [HTTP] Content-Type: application/json
[2020-04-13 20:26:51.772] [D] [HTTP] HTTP 正文内容：{"auto_escape":false,"message":"我已经收到你发来的消息:121\n不过我暂时还不知道怎么回答你。程序猿小哥哥还在努力完善中。。。\n现在我还只是个智障机器人啦。。","message_type":"private","user_id":"122742729"}
[2020-04-13 20:26:51.772] [D] [HTTP] 开始执行动作 send_msg
[2020-04-13 20:26:51.943] [D] [HTTP] 动作 send_msg 执行成功
[2020-04-13 20:26:51.944] [D] [HTTP] 响应数据已准备完毕：{"data":{"message_id":153},"retcode":0,"status":"ok"}
[2020-04-13 20:26:51.944] [D] [HTTP] 响应内容已发送
[2020-04-13 20:26:51.944] [I] [HTTP] 已成功处理一个 API 请求：/send_msg/
[2020-04-13 20:26:51.964] [I] [HTTP] 通过 HTTP 上报数据到 http://127.0.0.1:10086/coolq 成功，状态码：200
[2020-04-13 20:27:05.185] [D] [HTTP] 开始通过 HTTP 上报事件
[2020-04-13 20:27:05.202] [D] [HTTP] 收到 HTTP 请求：POST /send_msg/，来源 IP：127.0.0.1
[2020-04-13 20:27:05.202] [D] [HTTP] Content-Type: application/json
[2020-04-13 20:27:05.202] [D] [HTTP] HTTP 正文内容：{"auto_escape":false,"message":"我已经收到你发来的消息:[CQ:image,file=595ACA09F3E18E4385C999D2C5C7FCAB.gif,url=https://c2cpicdw.qpic.cn/offpic_new/543402261//4994c92d-c6d9-42f5-a4e4-f72f46444385/0?term=2]\n不过我暂时还不知道怎么回答你。程序猿小哥哥还在努力完善中。。。\n现在我还只是个智障机器人啦。。","message_type":"private","user_id":"543402261"}
[2020-04-13 20:27:05.203] [D] [HTTP] 开始执行动作 send_msg
[2020-04-13 20:27:05.306] [D] [HTTP] 动作 send_msg 执行成功
[2020-04-13 20:27:05.306] [D] [HTTP] 响应数据已准备完毕：{"data":{"message_id":155},"retcode":0,"status":"ok"}
[2020-04-13 20:27:05.307] [D] [HTTP] 响应内容已发送
[2020-04-13 20:27:05.307] [I] [HTTP] 已成功处理一个 API 请求：/send_msg/
[2020-04-13 20:27:05.309] [I] [HTTP] 通过 HTTP 上报数据到 http://127.0.0.1:10086/coolq 成功，状态码：200
[2020-04-13 20:27:17.700] [D] [HTTP] 开始通过 HTTP 上报事件
[2020-04-13 20:27:17.715] [D] [HTTP] 收到 HTTP 请求：POST /send_msg/，来源 IP：127.0.0.1
[2020-04-13 20:27:17.715] [D] [HTTP] Content-Type: application/json
[2020-04-13 20:27:17.716] [D] [HTTP] HTTP 正文内容：{"auto_escape":false,"message":"我已经收到你发来的消息:头像好丑\n不过我暂时还不知道怎么回答你。程序猿小哥哥还在努力完善中。。。\n现在我还只是个智障机器人啦。。","message_type":"private","user_id":"543402261"}
[2020-04-13 20:27:17.716] [D] [HTTP] 开始执行动作 send_msg
[2020-04-13 20:27:17.825] [D] [HTTP] 动作 send_msg 执行成功
[2020-04-13 20:27:17.826] [D] [HTTP] 响应数据已准备完毕：{"data":{"message_id":157},"retcode":0,"status":"ok"}
[2020-04-13 20:27:17.826] [D] [HTTP] 响应内容已发送
[2020-04-13 20:27:17.826] [I] [HTTP] 已成功处理一个 API 请求：/send_msg/
[2020-04-13 20:27:17.828] [I] [HTTP] 通过 HTTP 上报数据到 http://127.0.0.1:10086/coolq 成功，状态码：200
[2020-04-13 20:27:25.854] [D] [HTTP] 开始通过 HTTP 上报事件
[2020-04-13 20:27:25.860] [D] [HTTP] 收到 HTTP 请求：POST /send_msg/，来源 IP：127.0.0.1
[2020-04-13 20:27:25.860] [D] [HTTP] Content-Type: application/json
[2020-04-13 20:27:25.860] [D] [HTTP] HTTP 正文内容：{"auto_escape":false,"message":"我已经收到你发来的消息:你是智障\n不过我暂时还不知道怎么回答你。程序猿小哥哥还在努力完善中。。。\n现在我还只是个智障机器人啦。。","message_type":"private","user_id":"543402261"}
[2020-04-13 20:27:25.860] [D] [HTTP] 开始执行动作 send_msg
[2020-04-13 20:27:25.995] [D] [HTTP] 动作 send_msg 执行成功
[2020-04-13 20:27:25.995] [D] [HTTP] 响应数据已准备完毕：{"data":{"message_id":159},"retcode":0,"status":"ok"}
[2020-04-13 20:27:25.996] [D] [HTTP] 响应内容已发送
[2020-04-13 20:27:25.996] [I] [HTTP] 已成功处理一个 API 请求：/send_msg/
[2020-04-13 20:27:25.998] [I] [HTTP] 通过 HTTP 上报数据到 http://127.0.0.1:10086/coolq 成功，状态码：200
[2020-04-13 20:27:35.462] [D] [HTTP] 开始通过 HTTP 上报事件
[2020-04-13 20:27:35.477] [D] [HTTP] 收到 HTTP 请求：POST /send_msg/，来源 IP：127.0.0.1
[2020-04-13 20:27:35.477] [D] [HTTP] Content-Type: application/json
[2020-04-13 20:27:35.477] [D] [HTTP] HTTP 正文内容：{"auto_escape":false,"message":"我已经收到你发来的消息:[CQ:image,file=E4FF94BA465A53B62210AFE4CF696DE9.gif,url=https://c2cpicdw.qpic.cn/offpic_new/543402261//8f8e23a9-7993-4601-b9aa-046f8cbf7d04/0?term=2]\n不过我暂时还不知道怎么回答你。程序猿小哥哥还在努力完善中。。。\n现在我还只是个智障机器人啦。。","message_type":"private","user_id":"543402261"}
[2020-04-13 20:27:35.477] [D] [HTTP] 开始执行动作 send_msg
[2020-04-13 20:27:35.610] [D] [HTTP] 动作 send_msg 执行成功
[2020-04-13 20:27:35.611] [D] [HTTP] 响应数据已准备完毕：{"data":{"message_id":161},"retcode":0,"status":"ok"}
[2020-04-13 20:27:35.611] [D] [HTTP] 响应内容已发送
[2020-04-13 20:27:35.611] [I] [HTTP] 已成功处理一个 API 请求：/send_msg/
[2020-04-13 20:27:35.613] [I] [HTTP] 通过 HTTP 上报数据到 http://127.0.0.1:10086/coolq 成功，状态码：200
[2020-04-13 20:28:38.379] [D] [HTTP] 开始通过 HTTP 上报事件
[2020-04-13 20:28:38.393] [D] [HTTP] 收到 HTTP 请求：POST /send_msg/，来源 IP：127.0.0.1
[2020-04-13 20:28:38.394] [D] [HTTP] Content-Type: application/json
[2020-04-13 20:28:38.394] [D] [HTTP] HTTP 正文内容：{"auto_escape":false,"message":"我已经收到你发来的消息:复读机\n不过我暂时还不知道怎么回答你。程序猿小哥哥还在努力完善中。。。\n现在我还只是个智障机器人啦。。","message_type":"private","user_id":"543402261"}
[2020-04-13 20:28:38.394] [D] [HTTP] 开始执行动作 send_msg
[2020-04-13 20:28:38.520] [D] [HTTP] 动作 send_msg 执行成功
[2020-04-13 20:28:38.522] [D] [HTTP] 响应数据已准备完毕：{"data":{"message_id":163},"retcode":0,"status":"ok"}
[2020-04-13 20:28:38.522] [D] [HTTP] 响应内容已发送
[2020-04-13 20:28:38.523] [I] [HTTP] 已成功处理一个 API 请求：/send_msg/
[2020-04-13 20:28:38.524] [I] [HTTP] 通过 HTTP 上报数据到 http://127.0.0.1:10086/coolq 成功，状态码：200
[2020-04-13 20:28:46.164] [D] [HTTP] 开始通过 HTTP 上报事件
[2020-04-13 20:28:46.169] [D] [HTTP] 收到 HTTP 请求：POST /send_msg/，来源 IP：127.0.0.1
[2020-04-13 20:28:46.169] [D] [HTTP] Content-Type: application/json
[2020-04-13 20:28:46.169] [D] [HTTP] HTTP 正文内容：{"auto_escape":false,"message":"我已经收到你发来的消息:[CQ:bface,id=869B67EC48F461210D0C22B1DBD110CD,p=194868]\n不过我暂时还不知道怎么回答你。程序猿小哥哥还在努力完善中。。。\n现在我还只是个智障机器人啦。。","message_type":"private","user_id":"543402261"}
[2020-04-13 20:28:46.169] [D] [HTTP] 开始执行动作 send_msg
[2020-04-13 20:28:46.335] [D] [HTTP] 动作 send_msg 执行成功
[2020-04-13 20:28:46.336] [D] [HTTP] 响应数据已准备完毕：{"data":{"message_id":165},"retcode":0,"status":"ok"}
[2020-04-13 20:28:46.336] [D] [HTTP] 响应内容已发送
[2020-04-13 20:28:46.336] [I] [HTTP] 已成功处理一个 API 请求：/send_msg/
[2020-04-13 20:28:46.338] [I] [HTTP] 通过 HTTP 上报数据到 http://127.0.0.1:10086/coolq 成功，状态码：200
[2020-04-20 22:04:18.381] [I] [日志] 日志控制台开启成功
[2020-04-20 22:04:18.424] [D] [HTTP] 初始化 HTTP 服务器
[2020-04-20 22:04:18.427] [I] [HTTP] 开启 HTTP 服务器成功，开始监听 http://0.0.0.0:5700
[2020-04-20 22:04:18.428] [D] [HTTP] 开始通过 HTTP 上报事件
[2020-04-20 22:04:20.647] [W] [HTTP] HTTP 上报地址 http://127.0.0.1:10086/coolq 无法访问
[2020-04-20 22:05:42.095] [D] [HTTP] 开始通过 HTTP 上报事件
[2020-04-20 22:05:42.103] [D] [HTTP] 开始通过 HTTP 上报事件
[2020-04-20 22:05:42.134] [D] [HTTP] 开始通过 HTTP 上报事件
[2020-04-20 22:05:44.297] [W] [HTTP] HTTP 上报地址 http://127.0.0.1:10086/coolq 无法访问
[2020-04-20 22:05:44.305] [W] [HTTP] HTTP 上报地址 http://127.0.0.1:10086/coolq 无法访问
[2020-04-20 22:05:44.349] [W] [HTTP] HTTP 上报地址 http://127.0.0.1:10086/coolq 无法访问
[2020-04-20 22:06:32.081] [D] [HTTP] 开始通过 HTTP 上报事件
[2020-04-20 22:06:33.049] [W] [HTTP] 通过 HTTP 上报数据到 http://127.0.0.1:10086/coolq 失败，状态码：500
[2020-04-20 22:07:46.874] [D] [核心] 全局线程池关闭成功
[2020-04-20 22:07:46.876] [D] [核心] 计划任务调度器关闭成功
[2020-04-20 22:07:47.135] [I] [日志] 日志控制台开启成功
[2020-04-20 22:07:47.184] [D] [HTTP] 初始化 HTTP 服务器
[2020-04-20 22:07:47.184] [I] [HTTP] 开启 HTTP 服务器成功，开始监听 http://0.0.0.0:5700
[2020-04-20 22:07:47.185] [I] [重启] HTTP API 插件重启成功
[2020-04-20 22:07:47.185] [D] [HTTP] 开始通过 HTTP 上报事件
[2020-04-20 22:08:09.424] [W] [HTTP] 通过 HTTP 上报数据到 http://127.0.0.1:10086/coolq 失败，状态码：500
[2020-04-20 22:08:39.405] [D] [HTTP] 开始通过 HTTP 上报事件
[2020-04-20 22:10:41.153] [W] [HTTP] 通过 HTTP 上报数据到 http://127.0.0.1:10086/coolq 失败，状态码：500
[2020-04-20 22:10:56.360] [D] [HTTP] 开始通过 HTTP 上报事件
